{"/home/travis/build/npmtest/node-npmtest-phonegap-plugin-contentsync/test.js":{"path":"/home/travis/build/npmtest/node-npmtest-phonegap-plugin-contentsync/test.js","s":{"1":2,"2":2,"3":2,"4":2,"5":2,"6":2,"7":2,"8":1,"9":2,"10":2,"11":1,"12":1,"13":1,"14":1,"15":2,"16":2,"17":2,"18":2,"19":1,"20":1,"21":2,"22":2,"23":2,"24":1,"25":1,"26":1,"27":1,"28":1,"29":1,"30":1,"31":1,"32":1,"33":1,"34":1,"35":1,"36":1,"37":1,"38":1,"39":2,"40":2,"41":1,"42":2,"43":2,"44":1,"45":2,"46":2,"47":1,"48":2,"49":2,"50":1,"51":1,"52":1,"53":1,"54":1},"b":{"1":[2,1,1,1],"2":[1,1,1,1],"3":[1,1],"4":[1,1],"5":[1,1],"6":[1,1],"7":[1,1],"8":[1,1],"9":[1,1],"10":[1,1,1],"11":[1,1],"12":[1,1],"13":[1,1],"14":[1,1],"15":[1,1],"16":[1,1],"17":[1,1]},"f":{"1":2,"2":2,"3":2,"4":2,"5":2,"6":1,"7":1,"8":1,"9":2,"10":2,"11":2,"12":2,"13":1},"fnMap":{"1":{"name":"(anonymous_1)","line":12,"loc":{"start":{"line":12,"column":1},"end":{"line":12,"column":13}}},"2":{"name":"(anonymous_2)","line":19,"loc":{"start":{"line":19,"column":5},"end":{"line":19,"column":17}}},"3":{"name":"(anonymous_3)","line":23,"loc":{"start":{"line":23,"column":24},"end":{"line":23,"column":36}}},"4":{"name":"(anonymous_4)","line":61,"loc":{"start":{"line":61,"column":5},"end":{"line":61,"column":17}}},"5":{"name":"(anonymous_5)","line":82,"loc":{"start":{"line":82,"column":5},"end":{"line":82,"column":17}}},"6":{"name":"(anonymous_6)","line":91,"loc":{"start":{"line":91,"column":77},"end":{"line":94,"column":10}}},"7":{"name":"(anonymous_7)","line":112,"loc":{"start":{"line":112,"column":83},"end":{"line":115,"column":10}},"skip":true},"8":{"name":"(anonymous_8)","line":123,"loc":{"start":{"line":123,"column":77},"end":{"line":126,"column":10}},"skip":true},"9":{"name":"(anonymous_9)","line":139,"loc":{"start":{"line":139,"column":12},"end":{"line":139,"column":40}},"skip":true},"10":{"name":"(anonymous_10)","line":147,"loc":{"start":{"line":147,"column":77},"end":{"line":150,"column":10}},"skip":true},"11":{"name":"(anonymous_11)","line":158,"loc":{"start":{"line":158,"column":83},"end":{"line":161,"column":10}},"skip":true},"12":{"name":"(anonymous_12)","line":169,"loc":{"start":{"line":169,"column":79},"end":{"line":172,"column":10}},"skip":true},"13":{"name":"(anonymous_13)","line":180,"loc":{"start":{"line":180,"column":75},"end":{"line":183,"column":10}},"skip":true}},"statementMap":{"1":{"start":{"line":12,"column":0},"end":{"line":195,"column":5}},"2":{"start":{"line":14,"column":4},"end":{"line":14,"column":14}},"3":{"start":{"line":19,"column":4},"end":{"line":56,"column":9}},"4":{"start":{"line":21,"column":8},"end":{"line":21,"column":19}},"5":{"start":{"line":23,"column":8},"end":{"line":35,"column":13}},"6":{"start":{"line":24,"column":12},"end":{"line":34,"column":13}},"7":{"start":{"line":25,"column":16},"end":{"line":28,"column":30}},"8":{"start":{"line":30,"column":16},"end":{"line":33,"column":27}},"9":{"start":{"line":37,"column":8},"end":{"line":39,"column":21}},"10":{"start":{"line":40,"column":8},"end":{"line":53,"column":9}},"11":{"start":{"line":43,"column":12},"end":{"line":46,"column":14}},"12":{"start":{"line":47,"column":12},"end":{"line":47,"column":18}},"13":{"start":{"line":50,"column":12},"end":{"line":51,"column":33}},"14":{"start":{"line":52,"column":12},"end":{"line":52,"column":18}},"15":{"start":{"line":55,"column":8},"end":{"line":55,"column":35}},"16":{"start":{"line":61,"column":4},"end":{"line":63,"column":9}},"17":{"start":{"line":62,"column":8},"end":{"line":62,"column":15}},"18":{"start":{"line":64,"column":4},"end":{"line":77,"column":5}},"19":{"start":{"line":70,"column":8},"end":{"line":70,"column":14}},"20":{"start":{"line":76,"column":8},"end":{"line":76,"column":14}},"21":{"start":{"line":82,"column":4},"end":{"line":84,"column":9}},"22":{"start":{"line":83,"column":8},"end":{"line":83,"column":15}},"23":{"start":{"line":85,"column":4},"end":{"line":194,"column":5}},"24":{"start":{"line":91,"column":8},"end":{"line":99,"column":10}},"25":{"start":{"line":98,"column":12},"end":{"line":98,"column":35}},"26":{"start":{"line":102,"column":8},"end":{"line":104,"column":63}},"27":{"start":{"line":105,"column":8},"end":{"line":105,"column":14}},"28":{"start":{"line":112,"column":8},"end":{"line":121,"column":10},"skip":true},"29":{"start":{"line":119,"column":12},"end":{"line":119,"column":55},"skip":true},"30":{"start":{"line":120,"column":12},"end":{"line":120,"column":48},"skip":true},"31":{"start":{"line":123,"column":8},"end":{"line":136,"column":10},"skip":true},"32":{"start":{"line":130,"column":12},"end":{"line":130,"column":76},"skip":true},"33":{"start":{"line":131,"column":12},"end":{"line":131,"column":73},"skip":true},"34":{"start":{"line":132,"column":12},"end":{"line":132,"column":74},"skip":true},"35":{"start":{"line":133,"column":12},"end":{"line":133,"column":79},"skip":true},"36":{"start":{"line":134,"column":12},"end":{"line":134,"column":25},"skip":true},"37":{"start":{"line":135,"column":12},"end":{"line":135,"column":45},"skip":true},"38":{"start":{"line":138,"column":8},"end":{"line":145,"column":14},"skip":true},"39":{"start":{"line":143,"column":16},"end":{"line":143,"column":29},"skip":true},"40":{"start":{"line":144,"column":16},"end":{"line":144,"column":55},"skip":true},"41":{"start":{"line":147,"column":8},"end":{"line":156,"column":10},"skip":true},"42":{"start":{"line":154,"column":12},"end":{"line":154,"column":25},"skip":true},"43":{"start":{"line":155,"column":12},"end":{"line":155,"column":45},"skip":true},"44":{"start":{"line":158,"column":8},"end":{"line":167,"column":10},"skip":true},"45":{"start":{"line":165,"column":12},"end":{"line":165,"column":25},"skip":true},"46":{"start":{"line":166,"column":12},"end":{"line":166,"column":48},"skip":true},"47":{"start":{"line":169,"column":8},"end":{"line":178,"column":10},"skip":true},"48":{"start":{"line":176,"column":12},"end":{"line":176,"column":25},"skip":true},"49":{"start":{"line":177,"column":12},"end":{"line":177,"column":46},"skip":true},"50":{"start":{"line":180,"column":8},"end":{"line":189,"column":10},"skip":true},"51":{"start":{"line":187,"column":12},"end":{"line":187,"column":94},"skip":true},"52":{"start":{"line":188,"column":12},"end":{"line":188,"column":48},"skip":true},"53":{"start":{"line":192,"column":8},"end":{"line":192,"column":35},"skip":true},"54":{"start":{"line":193,"column":8},"end":{"line":193,"column":14},"skip":true}},"branchMap":{"1":{"line":25,"type":"binary-expr","locations":[{"start":{"line":25,"column":23},"end":{"line":25,"column":62}},{"start":{"line":26,"column":20},"end":{"line":26,"column":70}},{"start":{"line":27,"column":20},"end":{"line":27,"column":71}},{"start":{"line":28,"column":20},"end":{"line":28,"column":29}}]},"2":{"line":30,"type":"binary-expr","locations":[{"start":{"line":30,"column":23},"end":{"line":30,"column":37}},{"start":{"line":31,"column":20},"end":{"line":31,"column":61}},{"start":{"line":32,"column":20},"end":{"line":32,"column":70}},{"start":{"line":33,"column":20},"end":{"line":33,"column":26}}]},"3":{"line":37,"type":"cond-expr","locations":[{"start":{"line":38,"column":14},"end":{"line":38,"column":20}},{"start":{"line":39,"column":14},"end":{"line":39,"column":20}}]},"4":{"line":40,"type":"switch","locations":[{"start":{"line":42,"column":8},"end":{"line":47,"column":18}},{"start":{"line":49,"column":8},"end":{"line":52,"column":18}}]},"5":{"line":44,"type":"binary-expr","locations":[{"start":{"line":44,"column":16},"end":{"line":44,"column":44}},{"start":{"line":44,"column":48},"end":{"line":44,"column":66}}]},"6":{"line":50,"type":"binary-expr","locations":[{"start":{"line":50,"column":21},"end":{"line":50,"column":49}},{"start":{"line":50,"column":53},"end":{"line":50,"column":72}}]},"7":{"line":64,"type":"switch","locations":[{"start":{"line":69,"column":4},"end":{"line":70,"column":14}},{"start":{"line":75,"column":4},"end":{"line":76,"column":14}}]},"8":{"line":85,"type":"switch","locations":[{"start":{"line":90,"column":4},"end":{"line":105,"column":14}},{"start":{"line":111,"column":4},"end":{"line":193,"column":14},"skip":true}]},"9":{"line":91,"type":"binary-expr","locations":[{"start":{"line":91,"column":42},"end":{"line":91,"column":73}},{"start":{"line":91,"column":77},"end":{"line":99,"column":9}}]},"10":{"line":102,"type":"binary-expr","locations":[{"start":{"line":102,"column":18},"end":{"line":102,"column":32}},{"start":{"line":103,"column":12},"end":{"line":103,"column":53}},{"start":{"line":104,"column":12},"end":{"line":104,"column":61}}]},"11":{"line":112,"type":"binary-expr","locations":[{"start":{"line":112,"column":45},"end":{"line":112,"column":79},"skip":true},{"start":{"line":112,"column":83},"end":{"line":121,"column":9},"skip":true}]},"12":{"line":123,"type":"binary-expr","locations":[{"start":{"line":123,"column":42},"end":{"line":123,"column":73},"skip":true},{"start":{"line":123,"column":77},"end":{"line":136,"column":9},"skip":true}]},"13":{"line":138,"type":"binary-expr","locations":[{"start":{"line":138,"column":48},"end":{"line":138,"column":85},"skip":true},{"start":{"line":139,"column":12},"end":{"line":145,"column":13},"skip":true}]},"14":{"line":147,"type":"binary-expr","locations":[{"start":{"line":147,"column":42},"end":{"line":147,"column":73},"skip":true},{"start":{"line":147,"column":77},"end":{"line":156,"column":9},"skip":true}]},"15":{"line":158,"type":"binary-expr","locations":[{"start":{"line":158,"column":45},"end":{"line":158,"column":79},"skip":true},{"start":{"line":158,"column":83},"end":{"line":167,"column":9},"skip":true}]},"16":{"line":169,"type":"binary-expr","locations":[{"start":{"line":169,"column":43},"end":{"line":169,"column":75},"skip":true},{"start":{"line":169,"column":79},"end":{"line":178,"column":9},"skip":true}]},"17":{"line":180,"type":"binary-expr","locations":[{"start":{"line":180,"column":41},"end":{"line":180,"column":71},"skip":true},{"start":{"line":180,"column":75},"end":{"line":189,"column":9},"skip":true}]}},"code":["/* istanbul instrument in package npmtest_phonegap_plugin_contentsync */","/*jslint","    bitwise: true,","    browser: true,","    maxerr: 8,","    maxlen: 96,","    node: true,","    nomen: true,","    regexp: true,","    stupid: true","*/","(function () {","    'use strict';","    var local;","","","","    // run shared js-env code - init-before","    (function () {","        // init local","        local = {};","        // init modeJs","        local.modeJs = (function () {","            try {","                return typeof navigator.userAgent === 'string' &&","                    typeof document.querySelector('body') === 'object' &&","                    typeof XMLHttpRequest.prototype.open === 'function' &&","                    'browser';","            } catch (errorCaughtBrowser) {","                return module.exports &&","                    typeof process.versions.node === 'string' &&","                    typeof require('http').createServer === 'function' &&","                    'node';","            }","        }());","        // init global","        local.global = local.modeJs === 'browser'","            ? window","            : global;","        switch (local.modeJs) {","        // re-init local from window.local","        case 'browser':","            local = local.global.utility2.objectSetDefault(","                local.global.utility2_rollup || local.global.local,","                local.global.utility2","            );","            break;","        // re-init local from example.js","        case 'node':","            local = (local.global.utility2_rollup || require('utility2'))","                .requireReadme();","            break;","        }","        // export local","        local.global.local = local;","    }());","","","","    // run shared js-env code - function","    (function () {","        return;","    }());","    switch (local.modeJs) {","","","","    // run browser js-env code - function","    case 'browser':","        break;","","","","    // run node js-env code - function","    case 'node':","        break;","    }","","","","    // run shared js-env code - init-after","    (function () {","        return;","    }());","    switch (local.modeJs) {","","","","    // run browser js-env code - init-after","    case 'browser':","        local.testCase_browser_nullCase = local.testCase_browser_nullCase || function (","            options,","            onError","        ) {","        /*","         * this function will test browsers's null-case handling-behavior-behavior","         */","            onError(null, options);","        };","","        // run tests","        local.nop(local.modeTest &&","            document.querySelector('#testRunButton1') &&","            document.querySelector('#testRunButton1').click());","        break;","","","","    // run node js-env code - init-after","    /* istanbul ignore next */","    case 'node':","        local.testCase_buildApidoc_default = local.testCase_buildApidoc_default || function (","            options,","            onError","        ) {","        /*","         * this function will test buildApidoc's default handling-behavior-behavior","         */","            options = { modulePathList: module.paths };","            local.buildApidoc(options, onError);","        };","","        local.testCase_buildApp_default = local.testCase_buildApp_default || function (","            options,","            onError","        ) {","        /*","         * this function will test buildApp's default handling-behavior-behavior","         */","            local.testCase_buildReadme_default(options, local.onErrorThrow);","            local.testCase_buildLib_default(options, local.onErrorThrow);","            local.testCase_buildTest_default(options, local.onErrorThrow);","            local.testCase_buildCustomOrg_default(options, local.onErrorThrow);","            options = [];","            local.buildApp(options, onError);","        };","","        local.testCase_buildCustomOrg_default = local.testCase_buildCustomOrg_default ||","            function (options, onError) {","            /*","             * this function will test buildCustomOrg's default handling-behavior","             */","                options = {};","                local.buildCustomOrg(options, onError);","            };","","        local.testCase_buildLib_default = local.testCase_buildLib_default || function (","            options,","            onError","        ) {","        /*","         * this function will test buildLib's default handling-behavior","         */","            options = {};","            local.buildLib(options, onError);","        };","","        local.testCase_buildReadme_default = local.testCase_buildReadme_default || function (","            options,","            onError","        ) {","        /*","         * this function will test buildReadme's default handling-behavior-behavior","         */","            options = {};","            local.buildReadme(options, onError);","        };","","        local.testCase_buildTest_default = local.testCase_buildTest_default || function (","            options,","            onError","        ) {","        /*","         * this function will test buildTest's default handling-behavior","         */","            options = {};","            local.buildTest(options, onError);","        };","","        local.testCase_webpage_default = local.testCase_webpage_default || function (","            options,","            onError","        ) {","        /*","         * this function will test webpage's default handling-behavior","         */","            options = { modeCoverageMerge: true, url: local.serverLocalHost + '?modeTest=1' };","            local.browserTest(options, onError);","        };","","        // run test-server","        local.testRunServer(local);","        break;","    }","}());",""],"l":{"12":2,"14":2,"19":2,"21":2,"23":2,"24":2,"25":2,"30":1,"37":2,"40":2,"43":1,"47":1,"50":1,"52":1,"55":2,"61":2,"62":2,"64":2,"70":1,"76":1,"82":2,"83":2,"85":2,"91":1,"98":1,"102":1,"105":1,"112":1,"119":1,"120":1,"123":1,"130":1,"131":1,"132":1,"133":1,"134":1,"135":1,"138":1,"143":2,"144":2,"147":1,"154":2,"155":2,"158":1,"165":2,"166":2,"169":1,"176":2,"177":2,"180":1,"187":1,"188":1,"192":1,"193":1}},"/home/travis/build/npmtest/node-npmtest-phonegap-plugin-contentsync/lib.npmtest_phonegap_plugin_contentsync.js":{"path":"/home/travis/build/npmtest/node-npmtest-phonegap-plugin-contentsync/lib.npmtest_phonegap_plugin_contentsync.js","s":{"1":2,"2":2,"3":2,"4":2,"5":2,"6":2,"7":2,"8":1,"9":2,"10":2,"11":2,"12":2,"13":1,"14":1,"15":1,"16":1},"b":{"1":[2,1,1,1],"2":[1,1,1,1],"3":[1,1],"4":[2,2],"5":[1,1]},"f":{"1":2,"2":2,"3":2},"fnMap":{"1":{"name":"(anonymous_1)","line":12,"loc":{"start":{"line":12,"column":1},"end":{"line":12,"column":13}}},"2":{"name":"(anonymous_2)","line":19,"loc":{"start":{"line":19,"column":5},"end":{"line":19,"column":17}}},"3":{"name":"(anonymous_3)","line":23,"loc":{"start":{"line":23,"column":24},"end":{"line":23,"column":36}}}},"statementMap":{"1":{"start":{"line":12,"column":0},"end":{"line":53,"column":5}},"2":{"start":{"line":14,"column":4},"end":{"line":14,"column":14}},"3":{"start":{"line":19,"column":4},"end":{"line":52,"column":9}},"4":{"start":{"line":21,"column":8},"end":{"line":21,"column":19}},"5":{"start":{"line":23,"column":8},"end":{"line":35,"column":13}},"6":{"start":{"line":24,"column":12},"end":{"line":34,"column":13}},"7":{"start":{"line":25,"column":16},"end":{"line":28,"column":30}},"8":{"start":{"line":30,"column":16},"end":{"line":33,"column":27}},"9":{"start":{"line":37,"column":8},"end":{"line":39,"column":21}},"10":{"start":{"line":41,"column":8},"end":{"line":41,"column":54}},"11":{"start":{"line":43,"column":8},"end":{"line":43,"column":72}},"12":{"start":{"line":45,"column":8},"end":{"line":51,"column":9}},"13":{"start":{"line":46,"column":12},"end":{"line":46,"column":78}},"14":{"start":{"line":48,"column":12},"end":{"line":48,"column":35}},"15":{"start":{"line":49,"column":12},"end":{"line":49,"column":49}},"16":{"start":{"line":50,"column":12},"end":{"line":50,"column":43}}},"branchMap":{"1":{"line":25,"type":"binary-expr","locations":[{"start":{"line":25,"column":23},"end":{"line":25,"column":62}},{"start":{"line":26,"column":20},"end":{"line":26,"column":70}},{"start":{"line":27,"column":20},"end":{"line":27,"column":71}},{"start":{"line":28,"column":20},"end":{"line":28,"column":29}}]},"2":{"line":30,"type":"binary-expr","locations":[{"start":{"line":30,"column":23},"end":{"line":30,"column":37}},{"start":{"line":31,"column":20},"end":{"line":31,"column":61}},{"start":{"line":32,"column":20},"end":{"line":32,"column":70}},{"start":{"line":33,"column":20},"end":{"line":33,"column":26}}]},"3":{"line":37,"type":"cond-expr","locations":[{"start":{"line":38,"column":14},"end":{"line":38,"column":20}},{"start":{"line":39,"column":14},"end":{"line":39,"column":20}}]},"4":{"line":41,"type":"binary-expr","locations":[{"start":{"line":41,"column":16},"end":{"line":41,"column":44}},{"start":{"line":41,"column":48},"end":{"line":41,"column":53}}]},"5":{"line":45,"type":"if","locations":[{"start":{"line":45,"column":8},"end":{"line":45,"column":8}},{"start":{"line":45,"column":8},"end":{"line":45,"column":8}}]}},"code":["/* istanbul instrument in package npmtest_phonegap_plugin_contentsync */","/*jslint","    bitwise: true,","    browser: true,","    maxerr: 8,","    maxlen: 96,","    node: true,","    nomen: true,","    regexp: true,","    stupid: true","*/","(function () {","    'use strict';","    var local;","","","","    // run shared js-env code - init-before","    (function () {","        // init local","        local = {};","        // init modeJs","        local.modeJs = (function () {","            try {","                return typeof navigator.userAgent === 'string' &&","                    typeof document.querySelector('body') === 'object' &&","                    typeof XMLHttpRequest.prototype.open === 'function' &&","                    'browser';","            } catch (errorCaughtBrowser) {","                return module.exports &&","                    typeof process.versions.node === 'string' &&","                    typeof require('http').createServer === 'function' &&","                    'node';","            }","        }());","        // init global","        local.global = local.modeJs === 'browser'","            ? window","            : global;","        // init utility2_rollup","        local = local.global.utility2_rollup || local;","        // init lib","        local.local = local.npmtest_phonegap_plugin_contentsync = local;","        // init exports","        if (local.modeJs === 'browser') {","            local.global.utility2_npmtest_phonegap_plugin_contentsync = local;","        } else {","            module.exports = local;","            module.exports.__dirname = __dirname;","            module.exports.module = module;","        }","    }());","}());",""],"l":{"12":2,"14":2,"19":2,"21":2,"23":2,"24":2,"25":2,"30":1,"37":2,"41":2,"43":2,"45":2,"46":1,"48":1,"49":1,"50":1}},"/home/travis/build/npmtest/node-npmtest-phonegap-plugin-contentsync/example.js":{"path":"/home/travis/build/npmtest/node-npmtest-phonegap-plugin-contentsync/example.js","s":{"1":2,"2":2,"3":2,"4":2,"5":2,"6":2,"7":2,"8":1,"9":2,"10":2,"11":2,"12":2,"13":1,"14":2,"15":2,"16":2,"17":2,"18":2,"19":0,"20":2,"21":1,"22":1,"23":1,"24":1,"25":1,"26":0,"27":0,"28":1,"29":1,"30":2,"31":0,"32":0,"33":0,"34":1,"35":2,"36":2,"37":3,"38":3,"39":3,"40":3,"41":0,"42":3,"43":3,"44":3,"45":1,"46":3,"47":1,"48":1,"49":1,"50":1,"51":1,"52":1,"53":1,"54":1,"55":1,"56":1,"57":0,"58":1,"59":6,"60":6,"61":1,"62":2,"63":0,"64":2,"65":1,"66":1,"67":0,"68":0,"69":0,"70":0,"71":0,"72":0,"73":0,"74":0,"75":0,"76":0,"77":0,"78":0,"79":0,"80":0,"81":0,"82":0,"83":0},"b":{"1":[2,1,1,1],"2":[1,1,1,1],"3":[1,1],"4":[2,2],"5":[1,1],"6":[1,1],"7":[2,0],"8":[2,1,1,1,1,1],"9":[0,2,0],"10":[1,1],"11":[2,1,1],"12":[1,0],"13":[0,2],"14":[2,0,0,0,0,0,0],"15":[0,3],"16":[3,0],"17":[1,1],"18":[0,1],"19":[1,2,0,2],"20":[1,0],"21":[1,1],"22":[0,0],"23":[0,0],"24":[0,0],"25":[0,0],"26":[0,0],"27":[0,0],"28":[0,0]},"f":{"1":2,"2":2,"3":2,"4":2,"5":2,"6":2,"7":3,"8":3,"9":3,"10":1,"11":6,"12":0},"fnMap":{"1":{"name":"(anonymous_1)","line":26,"loc":{"start":{"line":26,"column":1},"end":{"line":26,"column":13}}},"2":{"name":"(anonymous_2)","line":33,"loc":{"start":{"line":33,"column":5},"end":{"line":33,"column":17}}},"3":{"name":"(anonymous_3)","line":37,"loc":{"start":{"line":37,"column":24},"end":{"line":37,"column":36}}},"4":{"name":"(anonymous_4)","line":69,"loc":{"start":{"line":69,"column":31},"end":{"line":69,"column":48}},"skip":true},"5":{"name":"(anonymous_5)","line":78,"loc":{"start":{"line":78,"column":26},"end":{"line":78,"column":45}},"skip":true},"6":{"name":"(anonymous_6)","line":123,"loc":{"start":{"line":123,"column":33},"end":{"line":123,"column":48}},"skip":true},"7":{"name":"(anonymous_7)","line":125,"loc":{"start":{"line":125,"column":27},"end":{"line":125,"column":39}},"skip":true},"8":{"name":"(anonymous_8)","line":133,"loc":{"start":{"line":133,"column":59},"end":{"line":133,"column":74}},"skip":true},"9":{"name":"(anonymous_9)","line":143,"loc":{"start":{"line":143,"column":45},"end":{"line":143,"column":62}},"skip":true},"10":{"name":"(anonymous_10)","line":144,"loc":{"start":{"line":144,"column":73},"end":{"line":144,"column":92}},"skip":true},"11":{"name":"(anonymous_11)","line":272,"loc":{"start":{"line":272,"column":51},"end":{"line":272,"column":77}},"skip":true},"12":{"name":"(anonymous_12)","line":315,"loc":{"start":{"line":315,"column":32},"end":{"line":315,"column":61}},"skip":true}},"statementMap":{"1":{"start":{"line":26,"column":0},"end":{"line":326,"column":5}},"2":{"start":{"line":28,"column":4},"end":{"line":28,"column":14}},"3":{"start":{"line":33,"column":4},"end":{"line":60,"column":9}},"4":{"start":{"line":35,"column":8},"end":{"line":35,"column":19}},"5":{"start":{"line":37,"column":8},"end":{"line":49,"column":13}},"6":{"start":{"line":38,"column":12},"end":{"line":48,"column":13}},"7":{"start":{"line":39,"column":16},"end":{"line":42,"column":30}},"8":{"start":{"line":44,"column":16},"end":{"line":47,"column":27}},"9":{"start":{"line":51,"column":8},"end":{"line":53,"column":21}},"10":{"start":{"line":55,"column":8},"end":{"line":57,"column":45}},"11":{"start":{"line":59,"column":8},"end":{"line":59,"column":35}},"12":{"start":{"line":61,"column":4},"end":{"line":325,"column":5}},"13":{"start":{"line":69,"column":8},"end":{"line":121,"column":10},"skip":true},"14":{"start":{"line":70,"column":12},"end":{"line":88,"column":13},"skip":true},"15":{"start":{"line":76,"column":16},"end":{"line":87,"column":19},"skip":true},"16":{"start":{"line":79,"column":20},"end":{"line":86,"column":21},"skip":true},"17":{"start":{"line":82,"column":24},"end":{"line":82,"column":43},"skip":true},"18":{"start":{"line":83,"column":24},"end":{"line":83,"column":30},"skip":true},"19":{"start":{"line":85,"column":24},"end":{"line":85,"column":49},"skip":true},"20":{"start":{"line":89,"column":12},"end":{"line":107,"column":13},"skip":true},"21":{"start":{"line":92,"column":16},"end":{"line":102,"column":17},"skip":true},"22":{"start":{"line":93,"column":20},"end":{"line":93,"column":86},"skip":true},"23":{"start":{"line":94,"column":20},"end":{"line":95,"column":45},"skip":true},"24":{"start":{"line":96,"column":20},"end":{"line":96,"column":42},"skip":true},"25":{"start":{"line":97,"column":20},"end":{"line":97,"column":48},"skip":true},"26":{"start":{"line":100,"column":20},"end":{"line":100,"column":85},"skip":true},"27":{"start":{"line":101,"column":20},"end":{"line":101,"column":96},"skip":true},"28":{"start":{"line":103,"column":16},"end":{"line":103,"column":22},"skip":true},"29":{"start":{"line":106,"column":16},"end":{"line":106,"column":22},"skip":true},"30":{"start":{"line":108,"column":12},"end":{"line":120,"column":13},"skip":true},"31":{"start":{"line":114,"column":16},"end":{"line":119,"column":17},"skip":true},"32":{"start":{"line":116,"column":20},"end":{"line":116,"column":78},"skip":true},"33":{"start":{"line":118,"column":20},"end":{"line":118,"column":47},"skip":true},"34":{"start":{"line":123,"column":8},"end":{"line":141,"column":11},"skip":true},"35":{"start":{"line":124,"column":12},"end":{"line":124,"column":54},"skip":true},"36":{"start":{"line":125,"column":12},"end":{"line":140,"column":14},"skip":true},"37":{"start":{"line":126,"column":16},"end":{"line":126,"column":28},"skip":true},"38":{"start":{"line":127,"column":16},"end":{"line":127,"column":69},"skip":true},"39":{"start":{"line":128,"column":16},"end":{"line":128,"column":75},"skip":true},"40":{"start":{"line":129,"column":16},"end":{"line":131,"column":17},"skip":true},"41":{"start":{"line":130,"column":20},"end":{"line":130,"column":27},"skip":true},"42":{"start":{"line":133,"column":16},"end":{"line":137,"column":36},"skip":true},"43":{"start":{"line":134,"column":20},"end":{"line":136,"column":55},"skip":true},"44":{"start":{"line":139,"column":16},"end":{"line":139,"column":57},"skip":true},"45":{"start":{"line":143,"column":8},"end":{"line":147,"column":11},"skip":true},"46":{"start":{"line":144,"column":12},"end":{"line":146,"column":15},"skip":true},"47":{"start":{"line":145,"column":16},"end":{"line":145,"column":70},"skip":true},"48":{"start":{"line":149,"column":8},"end":{"line":149,"column":31},"skip":true},"49":{"start":{"line":150,"column":8},"end":{"line":150,"column":14},"skip":true},"50":{"start":{"line":158,"column":8},"end":{"line":158,"column":31},"skip":true},"51":{"start":{"line":160,"column":8},"end":{"line":160,"column":33},"skip":true},"52":{"start":{"line":161,"column":8},"end":{"line":161,"column":37},"skip":true},"53":{"start":{"line":162,"column":8},"end":{"line":162,"column":35},"skip":true},"54":{"start":{"line":164,"column":8},"end":{"line":164,"column":50},"skip":true},"55":{"start":{"line":166,"column":8},"end":{"line":256,"column":2},"skip":true},"56":{"start":{"line":258,"column":8},"end":{"line":286,"column":9},"skip":true},"57":{"start":{"line":259,"column":12},"end":{"line":269,"column":14},"skip":true},"58":{"start":{"line":271,"column":12},"end":{"line":285,"column":19},"skip":true},"59":{"start":{"line":274,"column":20},"end":{"line":274,"column":35},"skip":true},"60":{"start":{"line":275,"column":20},"end":{"line":284,"column":21},"skip":true},"61":{"start":{"line":277,"column":24},"end":{"line":277,"column":64},"skip":true},"62":{"start":{"line":279,"column":24},"end":{"line":279,"column":40},"skip":true},"63":{"start":{"line":281,"column":24},"end":{"line":281,"column":40},"skip":true},"64":{"start":{"line":283,"column":24},"end":{"line":283,"column":39},"skip":true},"65":{"start":{"line":288,"column":8},"end":{"line":290,"column":9},"skip":true},"66":{"start":{"line":289,"column":12},"end":{"line":289,"column":18},"skip":true},"67":{"start":{"line":291,"column":8},"end":{"line":293,"column":54},"skip":true},"68":{"start":{"line":296,"column":8},"end":{"line":301,"column":37},"skip":true},"69":{"start":{"line":303,"column":8},"end":{"line":303,"column":82},"skip":true},"70":{"start":{"line":306,"column":8},"end":{"line":308,"column":9},"skip":true},"71":{"start":{"line":307,"column":12},"end":{"line":307,"column":82},"skip":true},"72":{"start":{"line":310,"column":8},"end":{"line":312,"column":9},"skip":true},"73":{"start":{"line":311,"column":12},"end":{"line":311,"column":18},"skip":true},"74":{"start":{"line":313,"column":8},"end":{"line":313,"column":54},"skip":true},"75":{"start":{"line":314,"column":8},"end":{"line":314,"column":69},"skip":true},"76":{"start":{"line":315,"column":8},"end":{"line":323,"column":36},"skip":true},"77":{"start":{"line":316,"column":12},"end":{"line":316,"column":61},"skip":true},"78":{"start":{"line":317,"column":12},"end":{"line":320,"column":13},"skip":true},"79":{"start":{"line":318,"column":16},"end":{"line":318,"column":75},"skip":true},"80":{"start":{"line":319,"column":16},"end":{"line":319,"column":23},"skip":true},"81":{"start":{"line":321,"column":12},"end":{"line":321,"column":38},"skip":true},"82":{"start":{"line":322,"column":12},"end":{"line":322,"column":27},"skip":true},"83":{"start":{"line":324,"column":8},"end":{"line":324,"column":14},"skip":true}},"branchMap":{"1":{"line":39,"type":"binary-expr","locations":[{"start":{"line":39,"column":23},"end":{"line":39,"column":62}},{"start":{"line":40,"column":20},"end":{"line":40,"column":70}},{"start":{"line":41,"column":20},"end":{"line":41,"column":71}},{"start":{"line":42,"column":20},"end":{"line":42,"column":29}}]},"2":{"line":44,"type":"binary-expr","locations":[{"start":{"line":44,"column":23},"end":{"line":44,"column":37}},{"start":{"line":45,"column":20},"end":{"line":45,"column":61}},{"start":{"line":46,"column":20},"end":{"line":46,"column":70}},{"start":{"line":47,"column":20},"end":{"line":47,"column":26}}]},"3":{"line":51,"type":"cond-expr","locations":[{"start":{"line":52,"column":14},"end":{"line":52,"column":20}},{"start":{"line":53,"column":14},"end":{"line":53,"column":20}}]},"4":{"line":55,"type":"binary-expr","locations":[{"start":{"line":55,"column":16},"end":{"line":55,"column":44}},{"start":{"line":55,"column":49},"end":{"line":57,"column":43}}]},"5":{"line":55,"type":"cond-expr","locations":[{"start":{"line":56,"column":14},"end":{"line":56,"column":71}},{"start":{"line":57,"column":14},"end":{"line":57,"column":43}}]},"6":{"line":61,"type":"switch","locations":[{"start":{"line":68,"column":4},"end":{"line":150,"column":14},"skip":true},{"start":{"line":156,"column":4},"end":{"line":324,"column":14},"skip":true}]},"7":{"line":70,"type":"if","locations":[{"start":{"line":70,"column":12},"end":{"line":70,"column":12},"skip":true},{"start":{"line":70,"column":12},"end":{"line":70,"column":12},"skip":true}]},"8":{"line":70,"type":"binary-expr","locations":[{"start":{"line":70,"column":16},"end":{"line":70,"column":22},"skip":true},{"start":{"line":70,"column":27},"end":{"line":70,"column":32},"skip":true},{"start":{"line":71,"column":20},"end":{"line":71,"column":39},"skip":true},{"start":{"line":72,"column":20},"end":{"line":72,"column":49},"skip":true},{"start":{"line":73,"column":20},"end":{"line":73,"column":58},"skip":true},{"start":{"line":74,"column":20},"end":{"line":74,"column":69},"skip":true}]},"9":{"line":79,"type":"switch","locations":[{"start":{"line":80,"column":20},"end":{"line":80,"column":33},"skip":true},{"start":{"line":81,"column":20},"end":{"line":83,"column":30},"skip":true},{"start":{"line":84,"column":20},"end":{"line":85,"column":49},"skip":true}]},"10":{"line":89,"type":"switch","locations":[{"start":{"line":90,"column":12},"end":{"line":103,"column":22},"skip":true},{"start":{"line":105,"column":12},"end":{"line":106,"column":22},"skip":true}]},"11":{"line":89,"type":"binary-expr","locations":[{"start":{"line":89,"column":20},"end":{"line":89,"column":25},"skip":true},{"start":{"line":89,"column":29},"end":{"line":89,"column":48},"skip":true},{"start":{"line":89,"column":52},"end":{"line":89,"column":74},"skip":true}]},"12":{"line":92,"type":"if","locations":[{"start":{"line":92,"column":16},"end":{"line":92,"column":16},"skip":true},{"start":{"line":92,"column":16},"end":{"line":92,"column":16},"skip":true}]},"13":{"line":108,"type":"if","locations":[{"start":{"line":108,"column":12},"end":{"line":108,"column":12},"skip":true},{"start":{"line":108,"column":12},"end":{"line":108,"column":12},"skip":true}]},"14":{"line":108,"type":"binary-expr","locations":[{"start":{"line":108,"column":16},"end":{"line":108,"column":61},"skip":true},{"start":{"line":108,"column":66},"end":{"line":108,"column":72},"skip":true},{"start":{"line":108,"column":77},"end":{"line":108,"column":82},"skip":true},{"start":{"line":109,"column":20},"end":{"line":109,"column":39},"skip":true},{"start":{"line":110,"column":20},"end":{"line":110,"column":49},"skip":true},{"start":{"line":111,"column":20},"end":{"line":111,"column":58},"skip":true},{"start":{"line":112,"column":20},"end":{"line":112,"column":68},"skip":true}]},"15":{"line":129,"type":"if","locations":[{"start":{"line":129,"column":16},"end":{"line":129,"column":16},"skip":true},{"start":{"line":129,"column":16},"end":{"line":129,"column":16},"skip":true}]},"16":{"line":134,"type":"cond-expr","locations":[{"start":{"line":135,"column":26},"end":{"line":135,"column":29},"skip":true},{"start":{"line":136,"column":26},"end":{"line":136,"column":54},"skip":true}]},"17":{"line":164,"type":"binary-expr","locations":[{"start":{"line":164,"column":27},"end":{"line":164,"column":43},"skip":true},{"start":{"line":164,"column":47},"end":{"line":164,"column":49},"skip":true}]},"18":{"line":258,"type":"if","locations":[{"start":{"line":258,"column":8},"end":{"line":258,"column":8},"skip":true},{"start":{"line":258,"column":8},"end":{"line":258,"column":8},"skip":true}]},"19":{"line":275,"type":"switch","locations":[{"start":{"line":276,"column":20},"end":{"line":277,"column":64},"skip":true},{"start":{"line":278,"column":20},"end":{"line":279,"column":40},"skip":true},{"start":{"line":280,"column":20},"end":{"line":281,"column":40},"skip":true},{"start":{"line":282,"column":20},"end":{"line":283,"column":39},"skip":true}]},"20":{"line":288,"type":"if","locations":[{"start":{"line":288,"column":8},"end":{"line":288,"column":8},"skip":true},{"start":{"line":288,"column":8},"end":{"line":288,"column":8},"skip":true}]},"21":{"line":288,"type":"binary-expr","locations":[{"start":{"line":288,"column":12},"end":{"line":288,"column":40},"skip":true},{"start":{"line":288,"column":44},"end":{"line":288,"column":67},"skip":true}]},"22":{"line":292,"type":"binary-expr","locations":[{"start":{"line":292,"column":12},"end":{"line":292,"column":50},"skip":true},{"start":{"line":293,"column":12},"end":{"line":293,"column":53},"skip":true}]},"23":{"line":297,"type":"binary-expr","locations":[{"start":{"line":297,"column":12},"end":{"line":297,"column":85},"skip":true},{"start":{"line":298,"column":12},"end":{"line":301,"column":36},"skip":true}]},"24":{"line":303,"type":"binary-expr","locations":[{"start":{"line":303,"column":43},"end":{"line":303,"column":75},"skip":true},{"start":{"line":303,"column":79},"end":{"line":303,"column":81},"skip":true}]},"25":{"line":306,"type":"if","locations":[{"start":{"line":306,"column":8},"end":{"line":306,"column":8},"skip":true},{"start":{"line":306,"column":8},"end":{"line":306,"column":8},"skip":true}]},"26":{"line":310,"type":"if","locations":[{"start":{"line":310,"column":8},"end":{"line":310,"column":8},"skip":true},{"start":{"line":310,"column":8},"end":{"line":310,"column":8},"skip":true}]},"27":{"line":313,"type":"binary-expr","locations":[{"start":{"line":313,"column":27},"end":{"line":313,"column":43},"skip":true},{"start":{"line":313,"column":47},"end":{"line":313,"column":53},"skip":true}]},"28":{"line":317,"type":"if","locations":[{"start":{"line":317,"column":12},"end":{"line":317,"column":12},"skip":true},{"start":{"line":317,"column":12},"end":{"line":317,"column":12},"skip":true}]}},"code":["/*","example.js","","quickstart example","","instruction","    1. save this script as example.js","    2. run the shell command:","        $ npm install npmtest-phonegap-plugin-contentsync && PORT=8081 node example.js","    3. play with the browser-demo on http://127.0.0.1:8081","*/","","","","/* istanbul instrument in package npmtest_phonegap_plugin_contentsync */","/*jslint","    bitwise: true,","    browser: true,","    maxerr: 8,","    maxlen: 96,","    node: true,","    nomen: true,","    regexp: true,","    stupid: true","*/","(function () {","    'use strict';","    var local;","","","","    // run shared js-env code - init-before","    (function () {","        // init local","        local = {};","        // init modeJs","        local.modeJs = (function () {","            try {","                return typeof navigator.userAgent === 'string' &&","                    typeof document.querySelector('body') === 'object' &&","                    typeof XMLHttpRequest.prototype.open === 'function' &&","                    'browser';","            } catch (errorCaughtBrowser) {","                return module.exports &&","                    typeof process.versions.node === 'string' &&","                    typeof require('http').createServer === 'function' &&","                    'node';","            }","        }());","        // init global","        local.global = local.modeJs === 'browser'","            ? window","            : global;","        // init utility2_rollup","        local = local.global.utility2_rollup || (local.modeJs === 'browser'","            ? local.global.utility2_npmtest_phonegap_plugin_contentsync","            : global.utility2_moduleExports);","        // export local","        local.global.local = local;","    }());","    switch (local.modeJs) {","","","","    // init-after","    // run browser js-env code - init-after","    /* istanbul ignore next */","    case 'browser':","        local.testRunBrowser = function (event) {","            if (!event || (event &&","                    event.currentTarget &&","                    event.currentTarget.className &&","                    event.currentTarget.className.includes &&","                    event.currentTarget.className.includes('onreset'))) {","                // reset output","                Array.from(","                    document.querySelectorAll('body > .resettable')","                ).forEach(function (element) {","                    switch (element.tagName) {","                    case 'INPUT':","                    case 'TEXTAREA':","                        element.value = '';","                        break;","                    default:","                        element.textContent = '';","                    }","                });","            }","            switch (event && event.currentTarget && event.currentTarget.id) {","            case 'testRunButton1':","                // show tests","                if (document.querySelector('#testReportDiv1').style.display === 'none') {","                    document.querySelector('#testReportDiv1').style.display = 'block';","                    document.querySelector('#testRunButton1').textContent =","                        'hide internal test';","                    local.modeTest = true;","                    local.testRunDefault(local);","                // hide tests","                } else {","                    document.querySelector('#testReportDiv1').style.display = 'none';","                    document.querySelector('#testRunButton1').textContent = 'run internal test';","                }","                break;","            // custom-case","            default:","                break;","            }","            if (document.querySelector('#inputTextareaEval1') && (!event || (event &&","                    event.currentTarget &&","                    event.currentTarget.className &&","                    event.currentTarget.className.includes &&","                    event.currentTarget.className.includes('oneval')))) {","                // try to eval input-code","                try {","                    /*jslint evil: true*/","                    eval(document.querySelector('#inputTextareaEval1').value);","                } catch (errorCaught) {","                    console.error(errorCaught);","                }","            }","        };","        // log stderr and stdout to #outputTextareaStdout1","        ['error', 'log'].forEach(function (key) {","            console[key + '_original'] = console[key];","            console[key] = function () {","                var element;","                console[key + '_original'].apply(console, arguments);","                element = document.querySelector('#outputTextareaStdout1');","                if (!element) {","                    return;","                }","                // append text to #outputTextareaStdout1","                element.value += Array.from(arguments).map(function (arg) {","                    return typeof arg === 'string'","                        ? arg","                        : JSON.stringify(arg, null, 4);","                }).join(' ') + '\\n';","                // scroll textarea to bottom","                element.scrollTop = element.scrollHeight;","            };","        });","        // init event-handling","        ['change', 'click', 'keyup'].forEach(function (event) {","            Array.from(document.querySelectorAll('.on' + event)).forEach(function (element) {","                element.addEventListener(event, local.testRunBrowser);","            });","        });","        // run tests","        local.testRunBrowser();","        break;","","","","    // run node js-env code - init-after","    /* istanbul ignore next */","    case 'node':","        // export local","        module.exports = local;","        // require modules","        local.fs = require('fs');","        local.http = require('http');","        local.url = require('url');","        // init assets","        local.assetsDict = local.assetsDict || {};","        /* jslint-ignore-begin */","        local.assetsDict['/assets.index.template.html'] = '\\","<!doctype html>\\n\\","<html lang=\"en\">\\n\\","<head>\\n\\","<meta charset=\"UTF-8\">\\n\\","<meta name=\"viewport\" content=\"width=device-width, initial-scale=1\">\\n\\","<title>{{env.npm_package_name}} (v{{env.npm_package_version}})</title>\\n\\","<style>\\n\\","/*csslint\\n\\","    box-sizing: false,\\n\\","    universal-selector: false\\n\\","*/\\n\\","* {\\n\\","    box-sizing: border-box;\\n\\","}\\n\\","body {\\n\\","    background: #dde;\\n\\","    font-family: Arial, Helvetica, sans-serif;\\n\\","    margin: 2rem;\\n\\","}\\n\\","body > * {\\n\\","    margin-bottom: 1rem;\\n\\","}\\n\\",".utility2FooterDiv {\\n\\","    margin-top: 20px;\\n\\","    text-align: center;\\n\\","}\\n\\","</style>\\n\\","<style>\\n\\","/*csslint\\n\\","*/\\n\\","textarea {\\n\\","    font-family: monospace;\\n\\","    height: 10rem;\\n\\","    width: 100%;\\n\\","}\\n\\","textarea[readonly] {\\n\\","    background: #ddd;\\n\\","}\\n\\","</style>\\n\\","</head>\\n\\","<body>\\n\\","<!-- utility2-comment\\n\\","<div id=\"ajaxProgressDiv1\" style=\"background: #d00; height: 2px; left: 0; margin: 0; padding: 0; position: fixed; top: 0; transition: background 0.5s, width 1.5s; width: 25%;\"></div>\\n\\","utility2-comment -->\\n\\","<h1>\\n\\","<!-- utility2-comment\\n\\","    <a\\n\\","        {{#if env.npm_package_homepage}}\\n\\","        href=\"{{env.npm_package_homepage}}\"\\n\\","        {{/if env.npm_package_homepage}}\\n\\","        target=\"_blank\"\\n\\","    >\\n\\","utility2-comment -->\\n\\","        {{env.npm_package_name}} (v{{env.npm_package_version}})\\n\\","<!-- utility2-comment\\n\\","    </a>\\n\\","utility2-comment -->\\n\\","</h1>\\n\\","<h3>{{env.npm_package_description}}</h3>\\n\\","<!-- utility2-comment\\n\\","<h4><a download href=\"assets.app.js\">download standalone app</a></h4>\\n\\","<button class=\"onclick onreset\" id=\"testRunButton1\">run internal test</button><br>\\n\\","<div id=\"testReportDiv1\" style=\"display: none;\"></div>\\n\\","utility2-comment -->\\n\\","\\n\\","\\n\\","\\n\\","<label>stderr and stdout</label>\\n\\","<textarea class=\"resettable\" id=\"outputTextareaStdout1\" readonly></textarea>\\n\\","<!-- utility2-comment\\n\\","{{#if isRollup}}\\n\\","<script src=\"assets.app.js\"></script>\\n\\","{{#unless isRollup}}\\n\\","utility2-comment -->\\n\\","<script src=\"assets.utility2.rollup.js\"></script>\\n\\","<script src=\"jsonp.utility2._stateInit?callback=window.utility2._stateInit\"></script>\\n\\","<script src=\"assets.npmtest_phonegap_plugin_contentsync.rollup.js\"></script>\\n\\","<script src=\"assets.example.js\"></script>\\n\\","<script src=\"assets.test.js\"></script>\\n\\","<!-- utility2-comment\\n\\","{{/if isRollup}}\\n\\","utility2-comment -->\\n\\","<div class=\"utility2FooterDiv\">\\n\\","    [ this app was created with\\n\\","    <a href=\"https://github.com/kaizhu256/node-utility2\" target=\"_blank\">utility2</a>\\n\\","    ]\\n\\","</div>\\n\\","</body>\\n\\","</html>\\n\\","';","        /* jslint-ignore-end */","        if (local.templateRender) {","            local.assetsDict['/'] = local.templateRender(","                local.assetsDict['/assets.index.template.html'],","                {","                    env: local.objectSetDefault(local.env, {","                        npm_package_description: 'the greatest app in the world!',","                        npm_package_name: 'my-app',","                        npm_package_nameAlias: 'my_app',","                        npm_package_version: '0.0.1'","                    })","                }","            );","        } else {","            local.assetsDict['/'] = local.assetsDict['/assets.index.template.html']","                .replace((/\\{\\{env\\.(\\w+?)\\}\\}/g), function (match0, match1) {","                    // jslint-hack","                    String(match0);","                    switch (match1) {","                    case 'npm_package_description':","                        return 'the greatest app in the world!';","                    case 'npm_package_name':","                        return 'my-app';","                    case 'npm_package_nameAlias':","                        return 'my_app';","                    case 'npm_package_version':","                        return '0.0.1';","                    }","                });","        }","        // run the cli","        if (local.global.utility2_rollup || module !== require.main) {","            break;","        }","        local.assetsDict['/assets.example.js'] =","            local.assetsDict['/assets.example.js'] ||","            local.fs.readFileSync(__filename, 'utf8');","        // bug-workaround - long $npm_package_buildCustomOrg","        /* jslint-ignore-begin */","        local.assetsDict['/assets.npmtest_phonegap_plugin_contentsync.rollup.js'] =","            local.assetsDict['/assets.npmtest_phonegap_plugin_contentsync.rollup.js'] ||","            local.fs.readFileSync(","                local.npmtest_phonegap_plugin_contentsync.__dirname + '/lib.npmtest_phonegap_plugin_contentsync.js',","                'utf8'","            ).replace((/^#!/), '//');","        /* jslint-ignore-end */","        local.assetsDict['/favicon.ico'] = local.assetsDict['/favicon.ico'] || '';","        // if $npm_config_timeout_exit exists,","        // then exit this process after $npm_config_timeout_exit ms","        if (Number(process.env.npm_config_timeout_exit)) {","            setTimeout(process.exit, Number(process.env.npm_config_timeout_exit));","        }","        // start server","        if (local.global.utility2_serverHttp1) {","            break;","        }","        process.env.PORT = process.env.PORT || '8081';","        console.error('server starting on port ' + process.env.PORT);","        local.http.createServer(function (request, response) {","            request.urlParsed = local.url.parse(request.url);","            if (local.assetsDict[request.urlParsed.pathname] !== undefined) {","                response.end(local.assetsDict[request.urlParsed.pathname]);","                return;","            }","            response.statusCode = 404;","            response.end();","        }).listen(process.env.PORT);","        break;","    }","}());",""],"l":{"26":2,"28":2,"33":2,"35":2,"37":2,"38":2,"39":2,"44":1,"51":2,"55":2,"59":2,"61":2,"69":1,"70":2,"76":2,"79":2,"82":2,"83":2,"85":1,"89":2,"92":1,"93":1,"94":1,"96":1,"97":1,"100":1,"101":1,"103":1,"106":1,"108":2,"114":1,"116":1,"118":1,"123":1,"124":2,"125":2,"126":3,"127":3,"128":3,"129":3,"130":1,"133":3,"134":3,"139":3,"143":1,"144":3,"145":1,"149":1,"150":1,"158":1,"160":1,"161":1,"162":1,"164":1,"166":1,"258":1,"259":1,"271":1,"274":6,"275":6,"277":1,"279":2,"281":1,"283":2,"288":1,"289":1,"291":1,"296":1,"303":1,"306":1,"307":1,"310":1,"311":1,"313":1,"314":1,"315":1,"316":1,"317":1,"318":1,"319":1,"321":1,"322":1,"324":1}},"/home/travis/build/npmtest/node-npmtest-phonegap-plugin-contentsync/node_modules/phonegap-plugin-contentsync/www/index.js":{"path":"/home/travis/build/npmtest/node-npmtest-phonegap-plugin-contentsync/node_modules/phonegap-plugin-contentsync/www/index.js","s":{"1":2,"2":0,"3":0,"4":0,"5":0,"6":0,"7":0,"8":0,"9":0,"10":0,"11":0,"12":0,"13":0,"14":0,"15":0,"16":0,"17":0,"18":0,"19":0,"20":0,"21":0,"22":0,"23":0,"24":0,"25":0,"26":0,"27":0,"28":0,"29":0,"30":0,"31":0,"32":0,"33":0,"34":0,"35":0,"36":0,"37":0,"38":0,"39":0,"40":0,"41":0,"42":0,"43":0,"44":0,"45":0,"46":0,"47":0,"48":0,"49":0,"50":0,"51":0,"52":0,"53":0,"54":0,"55":0,"56":0,"57":0,"58":0,"59":0,"60":0,"61":0,"62":0,"63":0,"64":0,"65":0,"66":0,"67":0,"68":0,"69":0,"70":0,"71":0},"b":{"1":[0,0],"2":[0,0],"3":[0,0],"4":[0,0],"5":[0,0],"6":[0,0],"7":[0,0],"8":[0,0],"9":[0,0],"10":[0,0],"11":[0,0],"12":[0,0],"13":[0,0],"14":[0,0],"15":[0,0],"16":[0,0],"17":[0,0],"18":[0,0],"19":[0,0],"20":[0,0],"21":[0,0],"22":[0,0],"23":[0,0],"24":[0,0],"25":[0,0],"26":[0,0]},"f":{"1":0,"2":0,"3":0,"4":0,"5":0,"6":0,"7":0,"8":0,"9":0,"10":0,"11":0,"12":0,"13":0,"14":0,"15":0},"fnMap":{"1":{"name":"(anonymous_1)","line":23,"loc":{"start":{"line":23,"column":18},"end":{"line":23,"column":36}}},"2":{"name":"(anonymous_2)","line":93,"loc":{"start":{"line":93,"column":18},"end":{"line":93,"column":35}}},"3":{"name":"(anonymous_3)","line":102,"loc":{"start":{"line":102,"column":15},"end":{"line":102,"column":29}}},"4":{"name":"(anonymous_4)","line":108,"loc":{"start":{"line":108,"column":15},"end":{"line":108,"column":26}}},"5":{"name":"(anonymous_5)","line":120,"loc":{"start":{"line":120,"column":31},"end":{"line":120,"column":42}}},"6":{"name":"(anonymous_6)","line":122,"loc":{"start":{"line":122,"column":19},"end":{"line":122,"column":30}}},"7":{"name":"(anonymous_7)","line":125,"loc":{"start":{"line":125,"column":15},"end":{"line":125,"column":26}}},"8":{"name":"(anonymous_8)","line":144,"loc":{"start":{"line":144,"column":27},"end":{"line":144,"column":57}}},"9":{"name":"(anonymous_9)","line":161,"loc":{"start":{"line":161,"column":29},"end":{"line":161,"column":40}}},"10":{"name":"(anonymous_10)","line":191,"loc":{"start":{"line":191,"column":10},"end":{"line":191,"column":28}}},"11":{"name":"(anonymous_11)","line":202,"loc":{"start":{"line":202,"column":11},"end":{"line":202,"column":65}}},"12":{"name":"(anonymous_12)","line":203,"loc":{"start":{"line":203,"column":18},"end":{"line":203,"column":35}}},"13":{"name":"(anonymous_13)","line":212,"loc":{"start":{"line":212,"column":19},"end":{"line":212,"column":36}}},"14":{"name":"(anonymous_14)","line":227,"loc":{"start":{"line":227,"column":14},"end":{"line":227,"column":41}}},"15":{"name":"(anonymous_15)","line":239,"loc":{"start":{"line":239,"column":13},"end":{"line":239,"column":31}}}},"statementMap":{"1":{"start":{"line":7,"column":0},"end":{"line":7,"column":43}},"2":{"start":{"line":23,"column":0},"end":{"line":111,"column":2}},"3":{"start":{"line":24,"column":4},"end":{"line":29,"column":6}},"4":{"start":{"line":32,"column":4},"end":{"line":34,"column":5}},"5":{"start":{"line":33,"column":8},"end":{"line":33,"column":61}},"6":{"start":{"line":37,"column":4},"end":{"line":39,"column":5}},"7":{"start":{"line":38,"column":8},"end":{"line":38,"column":89}},"8":{"start":{"line":42,"column":4},"end":{"line":44,"column":5}},"9":{"start":{"line":43,"column":8},"end":{"line":43,"column":64}},"10":{"start":{"line":56,"column":4},"end":{"line":58,"column":5}},"11":{"start":{"line":57,"column":8},"end":{"line":57,"column":33}},"12":{"start":{"line":60,"column":4},"end":{"line":62,"column":5}},"13":{"start":{"line":61,"column":8},"end":{"line":61,"column":31}},"14":{"start":{"line":64,"column":4},"end":{"line":66,"column":5}},"15":{"start":{"line":65,"column":8},"end":{"line":65,"column":42}},"16":{"start":{"line":68,"column":4},"end":{"line":70,"column":5}},"17":{"start":{"line":69,"column":8},"end":{"line":69,"column":36}},"18":{"start":{"line":72,"column":4},"end":{"line":74,"column":5}},"19":{"start":{"line":73,"column":8},"end":{"line":73,"column":31}},"20":{"start":{"line":76,"column":4},"end":{"line":78,"column":5}},"21":{"start":{"line":77,"column":8},"end":{"line":77,"column":34}},"22":{"start":{"line":80,"column":4},"end":{"line":82,"column":5}},"23":{"start":{"line":81,"column":8},"end":{"line":81,"column":30}},"24":{"start":{"line":84,"column":4},"end":{"line":86,"column":5}},"25":{"start":{"line":85,"column":8},"end":{"line":85,"column":35}},"26":{"start":{"line":89,"column":4},"end":{"line":89,"column":27}},"27":{"start":{"line":92,"column":4},"end":{"line":92,"column":20}},"28":{"start":{"line":93,"column":4},"end":{"line":99,"column":6}},"29":{"start":{"line":94,"column":8},"end":{"line":98,"column":9}},"30":{"start":{"line":95,"column":12},"end":{"line":95,"column":42}},"31":{"start":{"line":96,"column":15},"end":{"line":98,"column":9}},"32":{"start":{"line":97,"column":12},"end":{"line":97,"column":42}},"33":{"start":{"line":102,"column":4},"end":{"line":105,"column":6}},"34":{"start":{"line":103,"column":8},"end":{"line":103,"column":65}},"35":{"start":{"line":104,"column":8},"end":{"line":104,"column":30}},"36":{"start":{"line":108,"column":4},"end":{"line":110,"column":11}},"37":{"start":{"line":109,"column":8},"end":{"line":109,"column":225}},"38":{"start":{"line":120,"column":0},"end":{"line":128,"column":2}},"39":{"start":{"line":121,"column":4},"end":{"line":121,"column":20}},"40":{"start":{"line":122,"column":4},"end":{"line":124,"column":6}},"41":{"start":{"line":123,"column":8},"end":{"line":123,"column":28}},"42":{"start":{"line":125,"column":4},"end":{"line":127,"column":11}},"43":{"start":{"line":126,"column":8},"end":{"line":126,"column":72}},"44":{"start":{"line":144,"column":0},"end":{"line":148,"column":2}},"45":{"start":{"line":145,"column":4},"end":{"line":147,"column":5}},"46":{"start":{"line":146,"column":8},"end":{"line":146,"column":49}},"47":{"start":{"line":161,"column":0},"end":{"line":174,"column":2}},"48":{"start":{"line":162,"column":4},"end":{"line":162,"column":53}},"49":{"start":{"line":163,"column":4},"end":{"line":163,"column":33}},"50":{"start":{"line":165,"column":4},"end":{"line":167,"column":5}},"51":{"start":{"line":166,"column":8},"end":{"line":166,"column":21}},"52":{"start":{"line":169,"column":4},"end":{"line":171,"column":5}},"53":{"start":{"line":170,"column":8},"end":{"line":170,"column":59}},"54":{"start":{"line":173,"column":4},"end":{"line":173,"column":16}},"55":{"start":{"line":180,"column":0},"end":{"line":285,"column":2}},"56":{"start":{"line":192,"column":8},"end":{"line":192,"column":40}},"57":{"start":{"line":203,"column":8},"end":{"line":211,"column":10}},"58":{"start":{"line":204,"column":12},"end":{"line":210,"column":13}},"59":{"start":{"line":205,"column":16},"end":{"line":207,"column":17}},"60":{"start":{"line":206,"column":20},"end":{"line":206,"column":45}},"61":{"start":{"line":208,"column":19},"end":{"line":210,"column":13}},"62":{"start":{"line":209,"column":16},"end":{"line":209,"column":28}},"63":{"start":{"line":212,"column":8},"end":{"line":216,"column":10}},"64":{"start":{"line":213,"column":12},"end":{"line":215,"column":13}},"65":{"start":{"line":214,"column":16},"end":{"line":214,"column":29}},"66":{"start":{"line":217,"column":8},"end":{"line":217,"column":59}},"67":{"start":{"line":228,"column":8},"end":{"line":228,"column":69}},"68":{"start":{"line":229,"column":8},"end":{"line":229,"column":75}},"69":{"start":{"line":240,"column":8},"end":{"line":242,"column":9}},"70":{"start":{"line":241,"column":12},"end":{"line":241,"column":48}},"71":{"start":{"line":243,"column":8},"end":{"line":243,"column":47}}},"branchMap":{"1":{"line":32,"type":"if","locations":[{"start":{"line":32,"column":4},"end":{"line":32,"column":4}},{"start":{"line":32,"column":4},"end":{"line":32,"column":4}}]},"2":{"line":37,"type":"if","locations":[{"start":{"line":37,"column":4},"end":{"line":37,"column":4}},{"start":{"line":37,"column":4},"end":{"line":37,"column":4}}]},"3":{"line":37,"type":"binary-expr","locations":[{"start":{"line":37,"column":8},"end":{"line":37,"column":42}},{"start":{"line":37,"column":46},"end":{"line":37,"column":70}}]},"4":{"line":42,"type":"if","locations":[{"start":{"line":42,"column":4},"end":{"line":42,"column":4}},{"start":{"line":42,"column":4},"end":{"line":42,"column":4}}]},"5":{"line":56,"type":"if","locations":[{"start":{"line":56,"column":4},"end":{"line":56,"column":4}},{"start":{"line":56,"column":4},"end":{"line":56,"column":4}}]},"6":{"line":60,"type":"if","locations":[{"start":{"line":60,"column":4},"end":{"line":60,"column":4}},{"start":{"line":60,"column":4},"end":{"line":60,"column":4}}]},"7":{"line":64,"type":"if","locations":[{"start":{"line":64,"column":4},"end":{"line":64,"column":4}},{"start":{"line":64,"column":4},"end":{"line":64,"column":4}}]},"8":{"line":68,"type":"if","locations":[{"start":{"line":68,"column":4},"end":{"line":68,"column":4}},{"start":{"line":68,"column":4},"end":{"line":68,"column":4}}]},"9":{"line":72,"type":"if","locations":[{"start":{"line":72,"column":4},"end":{"line":72,"column":4}},{"start":{"line":72,"column":4},"end":{"line":72,"column":4}}]},"10":{"line":76,"type":"if","locations":[{"start":{"line":76,"column":4},"end":{"line":76,"column":4}},{"start":{"line":76,"column":4},"end":{"line":76,"column":4}}]},"11":{"line":80,"type":"if","locations":[{"start":{"line":80,"column":4},"end":{"line":80,"column":4}},{"start":{"line":80,"column":4},"end":{"line":80,"column":4}}]},"12":{"line":84,"type":"if","locations":[{"start":{"line":84,"column":4},"end":{"line":84,"column":4}},{"start":{"line":84,"column":4},"end":{"line":84,"column":4}}]},"13":{"line":94,"type":"if","locations":[{"start":{"line":94,"column":8},"end":{"line":94,"column":8}},{"start":{"line":94,"column":8},"end":{"line":94,"column":8}}]},"14":{"line":94,"type":"binary-expr","locations":[{"start":{"line":94,"column":12},"end":{"line":94,"column":18}},{"start":{"line":94,"column":22},"end":{"line":94,"column":60}}]},"15":{"line":96,"type":"if","locations":[{"start":{"line":96,"column":15},"end":{"line":96,"column":15}},{"start":{"line":96,"column":15},"end":{"line":96,"column":15}}]},"16":{"line":96,"type":"binary-expr","locations":[{"start":{"line":96,"column":19},"end":{"line":96,"column":25}},{"start":{"line":96,"column":29},"end":{"line":96,"column":68}}]},"17":{"line":103,"type":"cond-expr","locations":[{"start":{"line":103,"column":44},"end":{"line":103,"column":58}},{"start":{"line":103,"column":61},"end":{"line":103,"column":64}}]},"18":{"line":145,"type":"if","locations":[{"start":{"line":145,"column":4},"end":{"line":145,"column":4}},{"start":{"line":145,"column":4},"end":{"line":145,"column":4}}]},"19":{"line":165,"type":"if","locations":[{"start":{"line":165,"column":4},"end":{"line":165,"column":4}},{"start":{"line":165,"column":4},"end":{"line":165,"column":4}}]},"20":{"line":204,"type":"if","locations":[{"start":{"line":204,"column":12},"end":{"line":204,"column":12}},{"start":{"line":204,"column":12},"end":{"line":204,"column":12}}]},"21":{"line":204,"type":"binary-expr","locations":[{"start":{"line":204,"column":16},"end":{"line":204,"column":22}},{"start":{"line":204,"column":26},"end":{"line":204,"column":41}}]},"22":{"line":205,"type":"if","locations":[{"start":{"line":205,"column":16},"end":{"line":205,"column":16}},{"start":{"line":205,"column":16},"end":{"line":205,"column":16}}]},"23":{"line":208,"type":"if","locations":[{"start":{"line":208,"column":19},"end":{"line":208,"column":19}},{"start":{"line":208,"column":19},"end":{"line":208,"column":19}}]},"24":{"line":213,"type":"if","locations":[{"start":{"line":213,"column":12},"end":{"line":213,"column":12}},{"start":{"line":213,"column":12},"end":{"line":213,"column":12}}]},"25":{"line":228,"type":"cond-expr","locations":[{"start":{"line":228,"column":55},"end":{"line":228,"column":62}},{"start":{"line":228,"column":65},"end":{"line":228,"column":67}}]},"26":{"line":240,"type":"if","locations":[{"start":{"line":240,"column":8},"end":{"line":240,"column":8}},{"start":{"line":240,"column":8},"end":{"line":240,"column":8}}]}},"code":["/* global cordova:false */","","/*!"," * Module dependencies."," */","","var exec = cordova.require('cordova/exec');","","/**"," * ContentSync constructor."," *"," * @param {Object} options to initiate a new content synchronization."," *   @param {String} src is a URL to the content sync end-point."," *   @param {String} id is used as a unique identifier for the sync operation"," *   @param {Object} type defines the sync strategy applied to the content."," *     @param {String} replace completely removes existing content then copies new content."," *     @param {String} merge   does not modify existing content, but adds new content."," *   @param {Object} headers are used to set the headers for when we send a request to the src URL"," *  @param {Boolean} validateSrc whether to validate src url with a HEAD request before download (ios only, default true)."," * @return {ContentSync} instance that can be monitored and cancelled."," */","","var ContentSync = function(options) {","    this._handlers = {","        'progress': [],","        'cancel': [],","        'error': [],","        'complete': []","    };","","    // require options parameter","    if (typeof options === 'undefined') {","        throw new Error('The options argument is required.');","    }","","    // require options.src parameter","    if (typeof options.src === 'undefined' && options.type !== \"local\") {","        throw new Error('The options.src argument is required for merge replace types.');","    }","","    // require options.id parameter","    if (typeof options.id === 'undefined') {","        throw new Error('The options.id argument is required.');","    }","","    // define synchronization strategy","    //","    //     replace: This is the normal behavior. Existing content is replaced","    //              completely by the imported content, i.e. is overridden or","    //              deleted accordingly.","    //     merge:   Existing content is not modified, i.e. only new content is","    //              added and none is deleted or modified.","    //     local:   Existing content is not modified, i.e. only new content is","    //              added and none is deleted or modified.","    //","    if (typeof options.type === 'undefined') {","        options.type = 'replace';","    }","","    if (typeof options.headers === 'undefined') {","        options.headers = null;","    }","","    if (typeof options.copyCordovaAssets === 'undefined') {","        options.copyCordovaAssets = false;","    }","","    if (typeof options.copyRootApp === 'undefined') {","        options.copyRootApp = false;","    }","","    if (typeof options.timeout === 'undefined') {","        options.timeout = 15.0;","    }","","    if (typeof options.trustHost === 'undefined') {","        options.trustHost = false;","    }","","    if (typeof options.manifest === 'undefined') {","        options.manifest = \"\";","    }","","    if (typeof options.validateSrc === 'undefined') {","        options.validateSrc = true;","    }","","    // store the options to this object instance","    this.options = options;","","    // triggered on update and completion","    var that = this;","    var success = function(result) {","        if (result && typeof result.progress !== 'undefined') {","            that.emit('progress', result);","        } else if (result && typeof result.localPath !== 'undefined') {","            that.emit('complete', result);","        }","    };","","    // triggered on error","    var fail = function(msg) {","        var e = (typeof msg === 'string') ? new Error(msg) : msg;","        that.emit('error', e);","    };","","    // wait at least one process tick to allow event subscriptions","    setTimeout(function() {","        exec(success, fail, 'Sync', 'sync', [options.src, options.id, options.type, options.headers, options.copyCordovaAssets, options.copyRootApp, options.timeout, options.trustHost, options.manifest, options.validateSrc]);","    }, 10);","};","","/**"," * Cancel the Content Sync"," *"," * After successfully canceling the content sync process, the `cancel` event"," * will be emitted."," */","","ContentSync.prototype.cancel = function() {","    var that = this;","    var onCancel = function() {","        that.emit('cancel');","    };","    setTimeout(function() {","        exec(onCancel, onCancel, 'Sync', 'cancel', [ that.options.id ]);","    }, 10);","};","","/**"," * Listen for an event."," *"," * The following events are supported:"," *"," *   - progress"," *   - cancel"," *   - error"," *   - completion"," *"," * @param {String} eventName to subscribe to."," * @param {Function} callback triggered on the event."," */","","ContentSync.prototype.on = function(eventName, callback) {","    if (this._handlers.hasOwnProperty(eventName)) {","        this._handlers[eventName].push(callback);","    }","};","","/**"," * Emit an event."," *"," * This is intended for internal use only."," *"," * @param {String} eventName is the event to trigger."," * @param {*} all arguments are passed to the event listeners."," *"," * @return {Boolean} is true when the event is triggered otherwise false."," */","","ContentSync.prototype.emit = function() {","    var args = Array.prototype.slice.call(arguments);","    var eventName = args.shift();","","    if (!this._handlers.hasOwnProperty(eventName)) {","        return false;","    }","","    for (var i = 0, length = this._handlers[eventName].length; i < length; i++) {","        this._handlers[eventName][i].apply(undefined,args);","    }","","    return true;","};","","/*!"," * Content Sync Plugin."," */","","module.exports = {","    /**","     * Synchronize the content.","     *","     * This method will instantiate a new copy of the ContentSync object","     * and start synchronizing.","     *","     * @param {Object} options","     * @return {ContentSync} instance","     */","","    sync: function(options) {","        return new ContentSync(options);","    },","","    /**","     * Unzip","     *","     * This call is to replicate Zip::unzip plugin","     *","     */","","    unzip: function(fileUrl, dirUrl, callback, progressCallback) {","        var win = function(result) {","            if (result && result.progress) {","                if (progressCallback) {","                    progressCallback(result);","                }","            } else if (callback) {","                callback(0);","            }","        };","        var fail = function(result) {","            if (callback) {","                callback(-1);","            }","        };","        exec(win, fail, 'Zip', 'unzip', [fileUrl, dirUrl]);","    },","","    /**","     * Download","     *","     * This call is to replicate nothing but might be used instead of FileTransfer","     *","     */","","    download: function(url, headers, cb) {","        var callback = (typeof headers == \"function\" ? headers : cb);","        exec(callback, callback, 'Sync', 'download', [url, null, headers]);","    },","    ","    /**","     * loadUrl","     *","     * This method allows loading file:// urls when using WKWebViews on iOS. ","     *","     */","","    loadUrl: function(url, cb) {","        if(!url) {","            throw new Error('URL is required.');","        }","        exec(cb, cb, 'Sync', 'loadUrl', [url]);","    },","","","    /**","     * ContentSync Object.","     *","     * Expose the ContentSync object for direct use","     * and testing. Typically, you should use the","     * .sync helper method.","     */","","    ContentSync: ContentSync,","","    /**","     * PROGRESS_STATE enumeration.","     *","     * Maps to the `progress` event's `status` object.","     * The plugin user can customize the enumeration's mapped string","     * to a value that's appropriate for their app.","     */","","    PROGRESS_STATE: {","        0: 'STOPPED',","        1: 'DOWNLOADING',","        2: 'EXTRACTING',","        3: 'COMPLETE'","    },","","    /**","     * ERROR_STATE enumeration.","     *","     * Maps to the `error` event's `status` object.","     * The plugin user can customize the enumeration's mapped string","     * to a value that's appropriate for their app.","     */","","    ERROR_STATE: {","        1: 'INVALID_URL_ERR',","        2: 'CONNECTION_ERR',","        3: 'UNZIP_ERR'","    }","};",""],"l":{"7":2,"23":0,"24":0,"32":0,"33":0,"37":0,"38":0,"42":0,"43":0,"56":0,"57":0,"60":0,"61":0,"64":0,"65":0,"68":0,"69":0,"72":0,"73":0,"76":0,"77":0,"80":0,"81":0,"84":0,"85":0,"89":0,"92":0,"93":0,"94":0,"95":0,"96":0,"97":0,"102":0,"103":0,"104":0,"108":0,"109":0,"120":0,"121":0,"122":0,"123":0,"125":0,"126":0,"144":0,"145":0,"146":0,"161":0,"162":0,"163":0,"165":0,"166":0,"169":0,"170":0,"173":0,"180":0,"192":0,"203":0,"204":0,"205":0,"206":0,"208":0,"209":0,"212":0,"213":0,"214":0,"217":0,"228":0,"229":0,"240":0,"241":0,"243":0}},"/home/travis/build/npmtest/node-npmtest-phonegap-plugin-contentsync/node_modules/phonegap-plugin-contentsync/src/browser/Sync.js":{"path":"/home/travis/build/npmtest/node-npmtest-phonegap-plugin-contentsync/node_modules/phonegap-plugin-contentsync/src/browser/Sync.js","s":{"1":1,"2":0,"3":1,"4":1,"5":0,"6":1,"7":0,"8":1,"9":0,"10":1,"11":0,"12":0,"13":1},"b":{},"f":{"1":0,"2":0,"3":0,"4":0,"5":0,"6":0},"fnMap":{"1":{"name":"notSupported","line":1,"loc":{"start":{"line":1,"column":0},"end":{"line":1,"column":24}}},"2":{"name":"(anonymous_2)","line":5,"loc":{"start":{"line":5,"column":18},"end":{"line":5,"column":29}}},"3":{"name":"(anonymous_3)","line":6,"loc":{"start":{"line":6,"column":27},"end":{"line":6,"column":38}}},"4":{"name":"(anonymous_4)","line":7,"loc":{"start":{"line":7,"column":29},"end":{"line":7,"column":40}}},"5":{"name":"(anonymous_5)","line":8,"loc":{"start":{"line":8,"column":31},"end":{"line":8,"column":42}}},"6":{"name":"sync","line":10,"loc":{"start":{"line":10,"column":0},"end":{"line":10,"column":16}}}},"statementMap":{"1":{"start":{"line":1,"column":0},"end":{"line":3,"column":1}},"2":{"start":{"line":2,"column":4},"end":{"line":2,"column":68}},"3":{"start":{"line":5,"column":0},"end":{"line":5,"column":32}},"4":{"start":{"line":6,"column":0},"end":{"line":6,"column":58}},"5":{"start":{"line":6,"column":40},"end":{"line":6,"column":55}},"6":{"start":{"line":7,"column":0},"end":{"line":7,"column":60}},"7":{"start":{"line":7,"column":42},"end":{"line":7,"column":57}},"8":{"start":{"line":8,"column":0},"end":{"line":8,"column":62}},"9":{"start":{"line":8,"column":44},"end":{"line":8,"column":59}},"10":{"start":{"line":10,"column":0},"end":{"line":13,"column":1}},"11":{"start":{"line":11,"column":4},"end":{"line":11,"column":19}},"12":{"start":{"line":12,"column":4},"end":{"line":12,"column":29}},"13":{"start":{"line":15,"column":0},"end":{"line":20,"column":2}}},"branchMap":{},"code":["function notSupported() {","    console.log('ContentSync is not supported on browser platform');","}","","var ContentSync = function() {};","ContentSync.prototype.on = function() { notSupported(); };","ContentSync.prototype.emit = function() { notSupported(); };","ContentSync.prototype.cancel = function() { notSupported(); };","","function sync() {","    notSupported();","    return new ContentSync();","}","","module.exports = {","    sync: sync,","    unzip: notSupported,","    download: notSupported,","    ContentSync: ContentSync","};",""],"l":{"1":1,"2":0,"5":1,"6":1,"7":1,"8":1,"10":1,"11":0,"12":0,"15":1}},"/home/travis/build/npmtest/node-npmtest-phonegap-plugin-contentsync/node_modules/phonegap-plugin-contentsync/src/windows/SyncProxy.js":{"path":"/home/travis/build/npmtest/node-npmtest-phonegap-plugin-contentsync/node_modules/phonegap-plugin-contentsync/src/windows/SyncProxy.js","s":{"1":2,"2":0,"3":0,"4":0,"5":0,"6":0,"7":1,"8":0,"9":1,"10":0,"11":0,"12":1,"13":0,"14":0,"15":1,"16":0,"17":0,"18":0,"19":0,"20":1,"21":0,"22":0,"23":0,"24":0,"25":0,"26":0,"27":0,"28":0,"29":0,"30":0,"31":0,"32":0,"33":0,"34":0,"35":0,"36":0,"37":0,"38":0,"39":0,"40":0,"41":0,"42":0,"43":0,"44":0,"45":0,"46":0,"47":0,"48":0,"49":0,"50":0,"51":0,"52":0,"53":0,"54":0,"55":0,"56":0,"57":0,"58":0,"59":0,"60":0,"61":0,"62":0,"63":0,"64":0,"65":0,"66":0,"67":0,"68":0,"69":0,"70":1,"71":0,"72":0,"73":0,"74":0,"75":0,"76":0,"77":0,"78":0,"79":0,"80":0,"81":0,"82":0,"83":0,"84":0,"85":0,"86":0,"87":0,"88":0,"89":0,"90":0,"91":0,"92":0,"93":0,"94":0,"95":0,"96":0,"97":0,"98":0,"99":0,"100":0,"101":0,"102":0,"103":0,"104":0,"105":0,"106":0,"107":0,"108":0,"109":0,"110":0,"111":0,"112":0,"113":0,"114":0,"115":0,"116":0,"117":0,"118":0,"119":0,"120":0,"121":0,"122":0,"123":0,"124":0,"125":0,"126":0,"127":0,"128":0,"129":0,"130":0,"131":0,"132":0},"b":{"1":[0,0],"2":[0,0],"3":[0,0],"4":[0,0],"5":[0,0],"6":[0,0],"7":[0,0],"8":[0,0],"9":[0,0],"10":[0,0],"11":[0,0],"12":[0,0],"13":[0,0],"14":[0,0],"15":[0,0],"16":[0,0],"17":[0,0],"18":[0,0],"19":[0,0]},"f":{"1":0,"2":0,"3":0,"4":0,"5":0,"6":0,"7":0,"8":0,"9":0,"10":0,"11":0,"12":0,"13":0,"14":0,"15":0,"16":0,"17":0,"18":0,"19":0,"20":0,"21":0,"22":0,"23":0,"24":0,"25":0,"26":0,"27":0,"28":0,"29":0,"30":0,"31":0,"32":0,"33":0,"34":0,"35":0,"36":0,"37":0,"38":0},"fnMap":{"1":{"name":"cleanPath","line":17,"loc":{"start":{"line":17,"column":0},"end":{"line":17,"column":28}}},"2":{"name":"copyAndReplaceFileFromPathAsync","line":21,"loc":{"start":{"line":21,"column":0},"end":{"line":21,"column":52}}},"3":{"name":"(anonymous_3)","line":23,"loc":{"start":{"line":23,"column":10},"end":{"line":23,"column":26}}},"4":{"name":"copyCordovaAssetsAsync","line":28,"loc":{"start":{"line":28,"column":0},"end":{"line":28,"column":58}}},"5":{"name":"(anonymous_5)","line":30,"loc":{"start":{"line":30,"column":10},"end":{"line":30,"column":35}}},"6":{"name":"startDownload","line":38,"loc":{"start":{"line":38,"column":0},"end":{"line":38,"column":41}}},"7":{"name":"recursiveCopyFolderAsync","line":45,"loc":{"start":{"line":45,"column":0},"end":{"line":45,"column":60}}},"8":{"name":"(anonymous_8)","line":48,"loc":{"start":{"line":48,"column":24},"end":{"line":48,"column":36}}},"9":{"name":"(anonymous_9)","line":50,"loc":{"start":{"line":50,"column":24},"end":{"line":50,"column":36}}},"10":{"name":"(anonymous_10)","line":55,"loc":{"start":{"line":55,"column":29},"end":{"line":55,"column":57}}},"11":{"name":"(anonymous_11)","line":61,"loc":{"start":{"line":61,"column":14},"end":{"line":61,"column":35}}},"12":{"name":"(anonymous_12)","line":69,"loc":{"start":{"line":69,"column":30},"end":{"line":69,"column":42}}},"13":{"name":"(anonymous_13)","line":75,"loc":{"start":{"line":75,"column":22},"end":{"line":75,"column":34}}},"14":{"name":"(anonymous_14)","line":79,"loc":{"start":{"line":79,"column":28},"end":{"line":79,"column":40}}},"15":{"name":"(anonymous_15)","line":89,"loc":{"start":{"line":89,"column":22},"end":{"line":89,"column":34}}},"16":{"name":"(anonymous_16)","line":101,"loc":{"start":{"line":101,"column":10},"end":{"line":101,"column":48}}},"17":{"name":"getOrCreateLocalFolder","line":135,"loc":{"start":{"line":135,"column":8},"end":{"line":135,"column":52}}},"18":{"name":"(anonymous_18)","line":138,"loc":{"start":{"line":138,"column":18},"end":{"line":138,"column":36}}},"19":{"name":"(anonymous_19)","line":142,"loc":{"start":{"line":142,"column":12},"end":{"line":142,"column":27}}},"20":{"name":"(anonymous_20)","line":146,"loc":{"start":{"line":146,"column":22},"end":{"line":146,"column":40}}},"21":{"name":"(anonymous_21)","line":149,"loc":{"start":{"line":149,"column":16},"end":{"line":149,"column":31}}},"22":{"name":"(anonymous_22)","line":159,"loc":{"start":{"line":159,"column":16},"end":{"line":159,"column":31}}},"23":{"name":"(anonymous_23)","line":177,"loc":{"start":{"line":177,"column":31},"end":{"line":177,"column":43}}},"24":{"name":"(anonymous_24)","line":178,"loc":{"start":{"line":178,"column":95},"end":{"line":178,"column":118}}},"25":{"name":"(anonymous_25)","line":181,"loc":{"start":{"line":181,"column":20},"end":{"line":181,"column":35}}},"26":{"name":"(anonymous_26)","line":185,"loc":{"start":{"line":185,"column":31},"end":{"line":185,"column":46}}},"27":{"name":"downloadComplete","line":197,"loc":{"start":{"line":197,"column":24},"end":{"line":197,"column":60}}},"28":{"name":"(anonymous_28)","line":203,"loc":{"start":{"line":203,"column":30},"end":{"line":203,"column":45}}},"29":{"name":"(anonymous_29)","line":207,"loc":{"start":{"line":207,"column":24},"end":{"line":207,"column":37}}},"30":{"name":"(anonymous_30)","line":218,"loc":{"start":{"line":218,"column":16},"end":{"line":218,"column":31}}},"31":{"name":"(anonymous_31)","line":223,"loc":{"start":{"line":223,"column":16},"end":{"line":223,"column":41}}},"32":{"name":"maybeCopyCordovaAssets","line":229,"loc":{"start":{"line":229,"column":22},"end":{"line":229,"column":59}}},"33":{"name":"(anonymous_33)","line":232,"loc":{"start":{"line":232,"column":16},"end":{"line":232,"column":31}}},"34":{"name":"(anonymous_34)","line":235,"loc":{"start":{"line":235,"column":22},"end":{"line":235,"column":38}}},"35":{"name":"(anonymous_35)","line":241,"loc":{"start":{"line":241,"column":8},"end":{"line":241,"column":23}}},"36":{"name":"(anonymous_36)","line":246,"loc":{"start":{"line":246,"column":12},"end":{"line":246,"column":50}}},"37":{"name":"(anonymous_37)","line":265,"loc":{"start":{"line":265,"column":14},"end":{"line":265,"column":52}}},"38":{"name":"(ano
[...]
e":132,"column":9}},"68":{"start":{"line":131,"column":12},"end":{"line":131,"column":31}},"69":{"start":{"line":134,"column":8},"end":{"line":134,"column":34}},"70":{"start":{"line":135,"column":8},"end":{"line":153,"column":9}},"71":{"start":{"line":136,"column":12},"end":{"line":136,"column":54}},"72":{"start":{"line":137,"column":12},"end":{"line":152,"column":15}},"73":{"start":{"line":139,"column":16},"end":{"line":139,"column":37}},"74":{"start":{"line":140,"column":16},"end":{"line":140,"column":30}},"75":{"start":{"line":144,"column":16},"end":{"line":144,"column":57}},"76":{"start":{"line":145,"column":16},"end":{"line":151,"column":19}},"77":{"start":{"line":147,"column":20},"end":{"line":147,"column":34}},"78":{"start":{"line":155,"column":8},"end":{"line":244,"column":11}},"79":{"start":{"line":160,"column":12},"end":{"line":239,"column":13}},"80":{"start":{"line":162,"column":16},"end":{"line":162,"column":97}},"81":{"start":{"line":165,"column":16},"end":{"line":165,"column":44}},"82":{"start":{"line":166,"column":16},"end":{"line":166,"column":42}},"83":{"start":{"line":167,"column":16},"end":{"line":167,"column":50}},"84":{"start":{"line":169,"column":16},"end":{"line":169,"column":51}},"85":{"start":{"line":170,"column":16},"end":{"line":175,"column":17}},"86":{"start":{"line":171,"column":20},"end":{"line":171,"column":87}},"87":{"start":{"line":177,"column":16},"end":{"line":184,"column":19}},"88":{"start":{"line":178,"column":20},"end":{"line":183,"column":23}},"89":{"start":{"line":179,"column":24},"end":{"line":179,"column":50}},"90":{"start":{"line":182,"column":24},"end":{"line":182,"column":41}},"91":{"start":{"line":185,"column":16},"end":{"line":237,"column":18}},"92":{"start":{"line":186,"column":20},"end":{"line":196,"column":21}},"93":{"start":{"line":187,"column":24},"end":{"line":192,"column":25}},"94":{"start":{"line":188,"column":28},"end":{"line":188,"column":67}},"95":{"start":{"line":191,"column":28},"end":{"line":191,"column":41}},"96":{"start":{"line":194,"column":24},"end":{"line":194,"column":47}},"97":{"start":{"line":195,"column":24},"end":{"line":195,"column":34}},"98":{"start":{"line":198,"column":20},"end":{"line":215,"column":21}},"99":{"start":{"line":200,"column":24},"end":{"line":200,"column":91}},"100":{"start":{"line":202,"column":24},"end":{"line":211,"column":27}},"101":{"start":{"line":205,"column":28},"end":{"line":205,"column":40}},"102":{"start":{"line":209,"column":28},"end":{"line":209,"column":38}},"103":{"start":{"line":210,"column":28},"end":{"line":210,"column":41}},"104":{"start":{"line":214,"column":24},"end":{"line":214,"column":37}},"105":{"start":{"line":219,"column":20},"end":{"line":219,"column":37}},"106":{"start":{"line":220,"column":20},"end":{"line":220,"column":30}},"107":{"start":{"line":221,"column":20},"end":{"line":221,"column":33}},"108":{"start":{"line":224,"column":20},"end":{"line":224,"column":75}},"109":{"start":{"line":225,"column":20},"end":{"line":225,"column":69}},"110":{"start":{"line":226,"column":20},"end":{"line":226,"column":81}},"111":{"start":{"line":227,"column":20},"end":{"line":227,"column":96}},"112":{"start":{"line":230,"column":20},"end":{"line":230,"column":104}},"113":{"start":{"line":233,"column":20},"end":{"line":233,"column":53}},"114":{"start":{"line":236,"column":20},"end":{"line":236,"column":97}},"115":{"start":{"line":242,"column":12},"end":{"line":242,"column":53}},"116":{"start":{"line":243,"column":12},"end":{"line":243,"column":22}},"117":{"start":{"line":247,"column":8},"end":{"line":247,"column":28}},"118":{"start":{"line":248,"column":8},"end":{"line":263,"column":9}},"119":{"start":{"line":250,"column":12},"end":{"line":250,"column":48}},"120":{"start":{"line":251,"column":12},"end":{"line":257,"column":13}},"121":{"start":{"line":252,"column":16},"end":{"line":252,"column":47}},"122":{"start":{"line":253,"column":16},"end":{"line":255,"column":17}},"123":{"start":{"line":256,"column":16},"end":{"line":256,"column":41}},"124":{"start":{"line":258,"column":12},"end":{"line":258,"column":24}},"125":{"start":{"line":262,"column":12},"end":{"line":262,"column":21}},"126":{"start":{"line":266,"column":8},"end":{"line":266,"column":29}},"127":{"start":{"line":267,"column":8},"end":{"line":267,"column":33}},"128":{"start":{"line":268,"column":8},"end":{"line":268,"column":33}},"129":{"start":{"line":271,"column":8},"end":{"line":271,"column":32}},"130":{"start":{"line":272,"column":8},"end":{"line":272,"column":33}},"131":{"start":{"line":278,"column":0},"end":{"line":278,"column":48}},"132":{"start":{"line":279,"column":0},"end":{"line":279,"column":47}}},"branchMap":{"1":{"line":46,"type":"cond-expr","locations":[{"start":{"line":46,"column":18},"end":{"line":46,"column":22}},{"start":{"line":46,"column":25},"end":{"line":46,"column":33}}]},"2":{"line":49,"type":"if","locations":[{"start":{"line":49,"column":4},"end":{"line":49,"column":4}},{"start":{"line":49,"column":4},"end":{"line":49,"column":4}}]},"3":{"line":63,"type":"if","locations":[{"start":{"line":63,"column":12},"end":{"line":63,"column":12}},{"start":{"line":63,"column":12},"end":{"line":63,"column":12}}]},"4":{"line":63,"type":"binary-expr","locations":[{"start":{"line":63,"column":18},"end":{"line":63,"column":40}},{"start":{"line":63,"column":44},"end":{"line":63,"column":68}}]},"5":{"line":70,"type":"if","locations":[{"start":{"line":70,"column":16},"end":{"line":70,"column":16}},{"start":{"line":70,"column":16},"end":{"line":70,"column":16}}]},"6":{"line":80,"type":"if","locations":[{"start":{"line":80,"column":16},"end":{"line":80,"column":16}},{"start":{"line":80,"column":16},"end":{"line":80,"column":16}}]},"7":{"line":88,"type":"binary-expr","locations":[{"start":{"line":88,"column":31},"end":{"line":88,"column":51}},{"start":{"line":88,"column":55},"end":{"line":88,"column":58}}]},"8":{"line":125,"type":"if","locations":[{"start":{"line":125,"column":8},"end":{"line":125,"column":8}},{"start":{"line":125,"column":8},"end":{"line":125,"column":8}}]},"9":{"line":130,"type":"if","locations":[{"start":{"line":130,"column":8},"end":{"line":130,"column":8}},{"start":{"line":130,"column":8},"end":{"line":130,"column":8}}]},"10":{"line":160,"type":"if","locations":[{"start":{"line":160,"column":12},"end":{"line":160,"column":12}},{"start":{"line":160,"column":12},"end":{"line":160,"column":12}}]},"11":{"line":160,"type":"binary-expr","locations":[{"start":{"line":160,"column":16},"end":{"line":160,"column":29}},{"start":{"line":160,"column":33},"end":{"line":160,"column":48}}]},"12":{"line":170,"type":"if","locations":[{"start":{"line":170,"column":16},"end":{"line":170,"column":16}},{"start":{"line":170,"column":16},"end":{"line":170,"column":16}}]},"13":{"line":187,"type":"if","locations":[{"start":{"line":187,"column":24},"end":{"line":187,"column":24}},{"start":{"line":187,"column":24},"end":{"line":187,"column":24}}]},"14":{"line":198,"type":"if","locations":[{"start":{"line":198,"column":20},"end":{"line":198,"column":20}},{"start":{"line":198,"column":20},"end":{"line":198,"column":20}}]},"15":{"line":226,"type":"cond-expr","locations":[{"start":{"line":226,"column":46},"end":{"line":226,"column":76}},{"start":{"line":226,"column":79},"end":{"line":226,"column":80}}]},"16":{"line":230,"type":"cond-expr","locations":[{"start":{"line":230,"column":48},"end":{"line":230,"column":96}},{"start":{"line":230,"column":99},"end":{"line":230,"column":103}}]},"17":{"line":248,"type":"if","locations":[{"start":{"line":248,"column":8},"end":{"line":248,"column":8}},{"start":{"line":248,"column":8},"end":{"line":248,"column":8}}]},"18":{"line":251,"type":"if","locations":[{"start":{"line":251,"column":12},"end":{"line":251,"column":12}},{"start":{"line":251,"column":12},"end":{"line":251,"column":12}}]},"19":{"line":253,"type":"if","locations":[{"start":{"line":253,"column":16},"end":{"line":253,"column":16}},{"start":{"line":253,"column":16},"end":{"line":253,"column":16}}]}},"code":["// progress-state ","// 0:stopped, 1:downloading,2:extracting,3:complete","","// error-state","// 1:invalid url","// 2:connection err","// 3:unzip err","","","var appData = Windows.Storage.ApplicationData.current;","var FileOpts = Windows.Storage.CreationCollisionOption;","var getFolderFromPathAsync = Windows.Storage.StorageFolder.getFolderFromPathAsync;","var getFileFromPathAsync = Windows.Storage.StorageFile.getFileFromPathAsync;","var replaceExisting = Windows.Storage.NameCollisionOption.replaceExisting;","var AppPath = Windows.ApplicationModel.Package.current.installedLocation.path;","","function cleanPath(pathStr) {","    return pathStr.replace(/\\//g, \"\\\\\");","}","","function copyAndReplaceFileFromPathAsync(path,dest) {","    return Windows.Storage.StorageFile.getFileFromPathAsync(path)","    .then(function (file) {","        return file.copyAsync(dest, file.name, Windows.Storage.NameCollisionOption.replaceExisting);","    });","}","","function copyCordovaAssetsAsync(wwwFolder, destWWWFolder) {","    return getFolderFromPathAsync(wwwFolder.path + \"\\\\plugins\")","    .then(function (pluginsFolder) {","        return WinJS.Promise.join([recursiveCopyFolderAsync(pluginsFolder, destWWWFolder, null, false),","                                   copyAndReplaceFileFromPathAsync(wwwFolder.path + \"\\\\cordova.js\", destWWWFolder),","                                   copyAndReplaceFileFromPathAsync(wwwFolder.path + \"\\\\cordova_plugins.js\", destWWWFolder)]);","    });","}","","// this can throw exceptions, callers responsibility","function startDownload(src, storageFile) {","    var uri = Windows.Foundation.Uri(src);","    var downloader = new Windows.Networking.BackgroundTransfer.BackgroundDownloader();","    var download = downloader.createDownload(uri, storageFile);","    return download.startAsync();","}","","function recursiveCopyFolderAsync(src, dst, name, skipRoot) {","    name = name ? name : src.name;","","    var getDestFolder = function () { return WinJS.Promise.wrap(dst); };","    if (!skipRoot) {","        getDestFolder = function () {","            return dst.createFolderAsync(name, FileOpts.openIfExists)","        }","    }","","    return new WinJS.Promise(function (complete, failed) {","        WinJS.Promise.join({","            destFolder: getDestFolder(),","            files: src.getFilesAsync(),","            folders: src.getFoldersAsync()","        })","        .done(function (resultObj) {","            //console.log(\"destFolder = \" + resultObj.destFolder.path);","            if (!(resultObj.files.length || resultObj.folders.length)) {","                // nothing to copy","                complete();","                return 1;","            }","            var fileCount = resultObj.files.length;","            var copyfolders = function () {","                if (!fileCount--) {","                    complete();","                    return 2;","                }","                recursiveCopyFolderAsync(resultObj.folders[fileCount], resultObj.destFolder)","                .done(function () {","                    copyfolders();","                }, failed);","            };","            var copyfiles = function () {","                if (!fileCount--) {","                    // done with files, move on to folders","                    fileCount = resultObj.folders.length;","                    copyfolders();","                    return 3;","                }","                var file = resultObj.files[fileCount];","                //console.log(\"copying \" + file.name + \" => \" + resultObj.destFolder.name);","                file.copyAsync(resultObj.destFolder || dst, file.name, replaceExisting)","                .done(function () {","                    copyfiles();","                }, failed);","            };","            copyfiles();","        },","        failed);","    });","}","","","var Sync = {","    sync: function (cbSuccess, cbFail, options) {","","        // Note, all defaults are set in base file www/index.js","        // so we can proceed knowing these are all defined.","        // options = [ src,id,type,headers,bCopyCordovaAssets,bCopyRootApp,timeout] ;","","        var src = options[0];","        var id = cleanPath(options[1]);","        var type = options[2];","        var headers = options[3];","        var bCopyCordovaAssets = options[4];","        var bCopyRootApp = options[5];","        var timeout = options[6];","        var trustHost = options[7];","        var manifest = options[8];","","        var destFolderPath = cleanPath(id);","        var rootTempFolder = null;","","        var destFolder = null;","        var destZipFile = null;","        var destWWWFolder = null;","        var fileName = id;","","        if (id.indexOf(\"\\\\\") > -1) {","            var pathParts = id.split(\"\\\\\");","            fileName = pathParts.pop();","        }","","        if (fileName.indexOf(\".zip\") < 0) { // todo, could be some.zip/file ...","            fileName += \".zip\";","        }","","        var folderExisted = false;","        function getOrCreateLocalFolder(folderPath) {","            console.log(\"folderPath = \" + folderPath);","            return appData.localFolder.getFolderAsync(folderPath)","            .then(function (folder) {","                folderExisted = true;","                return folder;","            },","            function (err) {","                // folder does not exist, let's create it","                console.log(\"error: \" + err.description);","                return appData.localFolder.createFolderAsync(folderPath)","                .then(function (folder) {","                    return folder;","                },","                function (err) {","","                });","            });","        }","","        WinJS.Promise.join({","            wwwFolder: getFolderFromPathAsync(AppPath + \"\\\\www\"),","            destFolder: getOrCreateLocalFolder(destFolderPath),","            destWWWFolder: getOrCreateLocalFolder(destFolderPath + \"\\\\www\")","        }).done(function (res) {","            if (folderExisted && type == 'local') {","                // get out of the promise chain","                cbSuccess({ 'localPath': destFolderPath, 'status': 3 }, { keepCallback: false });","            }","            else {","                destFolder = res.destFolder;","                wwwFolder = res.wwwFolder;","                destWWWFolder = res.destWWWFolder;","","                var job = WinJS.Promise.wrap(null);","                if (bCopyRootApp) {","                    job = recursiveCopyFolderAsync(wwwFolder, destFolder, \"www\", true);","                }","                else {","","                }","","                job = job.then(function () {","                    return destFolder.createFileAsync(fileName, FileOpts.replaceExisting).then(function (storageFile) {","                        destZipFile = storageFile;","                    },","                    function (err) {","                        console.log(err);","                    });","                });","                job = job.then(function (res) {","                    try {","                        if (src) {","                            return startDownload(src, destZipFile);","                        }","                        else {","                            return false;","                        }","                    } catch (e) {","                        console.log(e.message);","                        cbFail(1); // INVALID_URL_ERR","                    }","                }).then(function downloadComplete(dlResult) { // download is done","                    if (dlResult) {","                        //console.log(\"download is complete \" + dlResult);","                        cbSuccess({ 'progress': 50, 'status': 2 }, { keepCallback: true }); // EXTRACTING","","                        return ZipWinProj.PGZipInflate.inflateAsync(dlResult.resultFile, destFolder)","                        .then(function (obj) {","                            //console.log(\"got a result from inflateAsync :: \" + obj);","                            return true;","                        },","                        function (e) {","                            //console.log(\"got err from inflateAsync :: \" + e);","                            cbFail(3); // UNZIP_ERR","                            return false;","                        });","                    }","                    else {","                        return false;","                    }","","                },","                function (err) {   // download error","                    console.log(err);","                    cbFail(1); // INVALID_URL_ERR","                    return false;","                },","                function (progressEvent) {","                    var total = progressEvent.progress.totalBytesToReceive;","                    var bytes = progressEvent.progress.bytesReceived;","                    var progPercent = total ? Math.round(bytes / total * 50) : 0;","                    cbSuccess({ 'progress': progPercent, 'status': 1 }, { keepCallback: true });    // 0:stopped, 1:downloading, 2:extracting,  3:complete","                })","                .then(function maybeCopyCordovaAssets(res) {","                    return bCopyCordovaAssets ? copyCordovaAssetsAsync(wwwFolder, destWWWFolder) : null;","                },","                function (err) { ","                    console.log(\"got err  : \" + err);","                })","                .then(function (boom) {","                    cbSuccess({ 'localPath': destFolder, 'status': 3 }, { keepCallback: false });","                })","","            }","        },","        function (err) {","            console.log(\"Error: \" + err.description);","            cbFail(2);","        });","    },","    cancel: function (cbSuccess, cbFail, options) {","        var id = options.id;","        if (DownloadQueue[id]) {","","            var downloadJob = DownloadQueue[id];","            if (!downloadJob.isCancelled) { // prevent multiple callbacks for the same cancel","                downloadJob.isCancelled = true;","                if (!downloadJob.request) {","                    // todo: abort it","                }","                DownloadQueue[id] = null;","            }","            cbSuccess();","        }","        else {","            // TODO: error, id not found","            cbFail();","        }","    },","    download: function (cbSuccess, cbFail, options) {","        var url = options[0];","        var unknown = options[1];","        var headers = options[2];","    },","    unzip: function (cbSuccess, cbFail, options) {","        var srcUrl = options[0];","        var destUrl = options[1];","    }","};","","","","require(\"cordova/exec/proxy\").add(\"Sync\", Sync);","require(\"cordova/exec/proxy\").add(\"Zip\", Sync);",""],"l":{"10":2,"11":0,"12":0,"13":0,"14":0,"15":0,"17":1,"18":0,"21":1,"22":0,"24":0,"28":1,"29":0,"31":0,"38":1,"39":0,"40":0,"41":0,"42":0,"45":1,"46":0,"48":0,"49":0,"50":0,"51":0,"55":0,"56":0,"63":0,"65":0,"66":0,"68":0,"69":0,"70":0,"71":0,"72":0,"74":0,"76":0,"79":0,"80":0,"82":0,"83":0,"84":0,"86":0,"88":0,"90":0,"93":0,"100":0,"107":0,"108":0,"109":0,"110":0,"111":0,"112":0,"113":0,"114":0,"115":0,"117":0,"118":0,"120":0,"121":0,"122":0,"123":0,"125":0,"126":0,"127":0,"130":0,"131":0,"134":0,"135":1,"136":0,"137":0,"139":0,"140":0,"144":0,"145":0,"147":0,"155":0,"160":0,"162":0,"165":0,"166":0,"167":0,"169":0,"170":0,"171":0,"177":0,"178":0,"179":0,"182":0,"185":0,"186":0,"187":0,"188":0,"191":0,"194":0,"195":0,"198":0,"200":0,"202":0,"205":0,"209":0,"210":0,"214":0,"219":0,"220":0,"221":0,"224":0,"225":0,"226":0,"227":0,"230":0,"233":0,"236":0,"242":0,"243":0,"247":0,"248":0,"250":0,"251":0,"252":0,"253":0,"256":0,"258":0,"262":0,"266":0,"267":0,"268":0,"271":0,"272":0,"278":0,"279":0}}}